[1] 2000 1024
[1] 2000 1024
[1] 2071926
[1] 2070571
[1] 2067930
[1] 2063699
[1] 2057398
[1] 2049695
[1] 2041984
[1] 2035293
[1] 2029989
[1] 2025968
[1] 2022957
[1] 2020690
[1] 2018960
[1] 2017599
[1] 2016479
[1] 2015509
[1] 2014628
[1] 2013795
[1] 2012992
[1] 2012216
[1] 2011477
[1] 2010788
[1] 2010162
[1] 2009607
[1] 2009117
[1] 2008685
[1] 2008300
[1] 2007952
[1] 2007642
[1] 2007360
[1] 2007104
[1] 2006874
[1] 2006666
[1] 2006477
[1] 2006307
[1] 2006155
[1] 2006014
[1] 2005886
[1] 2005770
[1] 2005665
[1] 2005565
[1] 2005471
[1] 2005382
[1] 2005300
[1] 2005222
[1] 2005151
[1] 2005084
[1] 2005021
[1] 2004963
[1] 2004908
[1] 2004857
[1] 2004809
[1] 2004765
[1] 2004723
[1] 2004684
[1] 2004647
[1] 2004612
[1] 2004580
[1] 2004549
[1] 2004521
[1] 2004494
[1] 2004468
[1] 2004445
[1] 2004422
[1] 2004401
[1] 2004381
[1] 2004362
[1] 2004343
[1] 2004326
[1] 2004310
[1] 2004294
[1] 2004279
[1] 2004265
[1] 2004252
[1] 2004239
[1] 2004227
[1] 2004215
[1] 2004204
[1] 2004193
[1] 2004183
[1] 2004174
[1] 2004165
[1] 2004156
[1] 2004148
[1] 2004140
[1] 2004133
[1] 2004126
[1] 2004120
[1] 2004114
[1] 2004108
[1] 2004103
[1] 2004098
[1] 2004093
[1] 2004088
[1] 2004084
[1] 2004080
[1] 2004076
[1] 2004073
[1] 2004070
[1] 2004066
[1] 2004064
[1] 2004061
[1] 2004058
[1] 2004056
[1] 2004054
[1] 2004052
[1] 2004050
[1] 2004048
[1] 2004047
[1] 2004045
[1] 2004044
[1] 2004043
[1] 2004042
[1] 2004041
[1] 2004040
[1] 2004039
[1] 2004038
[1] 2004038
[1] 2004037
[1] 2004037
[1] 2004036
[1] 2004035
[1] 2004034
[1] 2004033
[1] 2004032
[1] 2004031
[1] 2004030
[1] 2004030
[1] 2004029
[1] 2004028
[1] 2004027
[1] 2004026
[1] 2004026
[1] 2004025
[1] 2004024
[1] 2004023
[1] 2004023
[1] 2004022
[1] 2004021
[1] 2004021
[1] 2004020
[1] 2004019
[1] 2004019
[1] 2004018
[1] 2004018
[1] 2004017
[1] 2004017
[1] 2004016
[1] 2004015
[1] 2004015
[1] 2004014
[1] 2004014
[1] 2004013
[1] 2004013
[1] 2004012
[1] 2004012
[1] 2004011
[1] 2004010
[1] 2004010
[1] 2004009
[1] 2004009
[1] 2004008
[1] 2004008
[1] 2004007
[1] 2004007
[1] 2004006
[1] 2004006
[1] 2004005
[1] 2004005
[1] 2004004
[1] 2004004
[1] 2004003
[1] 2004003
[1] 2004002
[1] 2004002
[1] 2004002
[1] 2004001
[1] 2004001
[1] 2004000
[1] 2004000
[1] 2004000
[1] 2003999
[1] 2003999
[1] 2003999
[1] 2003998
[1] 2003998
[1] 2003998
[1] 2003997
[1] 2003997
[1] 2003997
[1] 2003996
[1] 2003996
[1] 2003996
[1] 2003995
[1] 2003995
[1] 2003995
[1] 2003995
[1] 2003994
[1] 2003994
[1] 2003994
[1] 2003994
[1] 2003994
[1] 2003993
[1] 2003993
[1] 2003993
[1] 2003993
[1] 2003993
[1] 2003992
[1] 2003992
[1] 2003992
[1] 2003992
[1] 2003992
[1] 2003992
[1] 2003992
[1] 2003991
[1] 2003991
[1] 2003991
[1] 2003991
[1] 2003991
[1] 2003991
[1] 2003991
[1] 2003991
[1] 2003990
[1] 2003990
[1] 2003990
[1] 2003990
[1] 2003990
[1] 2003990
[1] 2003990
[1] 2003990
[1] 2003990
[1] 2003990
[1] 2003990
[1] 2003989
[1] 2003989
[1] 2003989
[1] 2003989
[1] 2003989
[1] 2003989
[1] 2003989
[1] 2003989
[1] 2003989
[1] 2003989
[1] 2003989
[1] 2003989
[1] 2003989
[1] 2003989
[1] 2003988
[1] 2003988
[1] 2003988
[1] 2003988
[1] 2003988
[1] 2003988
[1] 2003988
[1] 2003988
[1] 2003988
[1] 2003988
[1] 2003988
[1] 2003988
[1] 2003988
[1] 2003988
[1] 2003988
[1] 2003988
[1] 2003988
[1] 2003988
[1] 2003988
[1] 2003988
[1] 2003988
[1] 2003987
[1] 2003987
[1] 2003987
[1] 2003987
[1] 2003987
[1] 2003987
[1] 2003987
[1] 2003987
[1] 2003987
[1] 2003987
[1] 2003987
[1] 2003987
[1] 2003987
[1] 2003987
[1] 2003987
[1] 2003987
[1] 2003987
[1] 2003987
[1] 2003987
[1] 2003987
[1] 2003987
[1] 2003987
[1] 2003987
[1] 2003986
[1] 2003986
[1] 2003986
[1] 2003986
[1] 2003986
[1] 2003986
[1] 2003986
[1] 2003986
[1] 2003986
[1] 2003986
[1] 2003986
[1] 2003986
[1] 2003986
[1] 2003986
[1] 2003986
[1] 2003986
[1] 2003986
[1] 2003986
[1] 2003986
[1] 2003986
[1] 2003986
[1] 2003986
[1] 2003985
[1] 2003985
[1] 2003985
[1] 2003985
[1] 2003985
[1] 2003985
[1] 2003985
[1] 2003985
[1] 2003985
[1] 2003985
[1] 2003985
[1] 2003985
[1] 2003985
[1] 2003985
[1] 2003985
[1] 2003985
[1] 2003985
[1] 2003985
[1] 2003985
[1] 2003985
[1] 2003985
[1] 2003985
[1] 2003985
[1] 2003985
[1] 2003985
[1] 2003985
[1] 2003985
[1] 2003985
[1] 2003985
[1] 2003985
[1] 2003985
[1] 2003985
[1] 2003985
[1] 2003985
[1] 2003985
[1] 2003985
[1] 2003985
[1] 2003986
[1] 2003986
[1] 2003986
[1] 2003986
[1] 2003986
[1] 2003986
[1] 2003986
[1] 2003986
[1] 2003986
[1] 2003986
[1] 2003986
[1] 2003986
[1] 2003986
[1] 2003986
[1] 2003986
[1] 2003986
[1] 2003986
[1] 2003986
[1] 2003986
[1] 2003987
[1] 2003987
[1] 2003987
[1] 2003987
[1] 2003987
[1] 2003987
[1] 2003987
[1] 2003987
[1] 2003987
[1] 2003987
[1] 2003987
[1] 2003987
[1] 2003988
[1] 2003988
[1] 2003988
[1] 2003988
[1] 2003988
[1] 2003988
[1] 2003988
[1] 2003988
[1] 2003988
[1] 2003988
[1] 2003989
[1] 2003989
[1] 2003989
[1] 2003989
[1] 2003989
[1] 2003989
[1] 2003989
[1] 2003989
[1] 2003989
[1] 2003990
[1] 2003990
[1] 2003990
[1] 2003990
[1] 2003990
[1] 2003990
[1] 2003990
[1] 2003990
[1] 2003990
[1] 2003991
[1] 2003991
[1] 2003991
[1] 2003991
[1] 2003991
[1] 2003991
[1] 2003991
[1] 2003991
[1] 2003992
[1] 2003992
[1] 2003992
[1] 2003992
[1] 2003992
[1] 2003992
[1] 2003992
[1] 2003992
[1] 2003992
[1] 2003993
[1] 2003993
[1] 2003993
[1] 2003993
[1] 2003993
[1] 2003993
[1] 2003993
[1] 2003993
[1] 2003993
[1] 2003994
[1] 2003994
[1] 2003994
[1] 2003994
[1] 2003994
[1] 2003994
[1] 2003994
[1] 2003994
[1] 2003994
[1] 2003994
[1] 2003995
[1] 2003995
[1] 2003995
[1] 2003995
[1] 2003995
[1] 2003995
[1] 2003995
[1] 2003995
[1] 2003995
[1] 2003995
[1] 2003996
[1] 2003996
[1] 2003996
[1] 2003996
[1] 2003996
[1] 2003996
[1] 2003996
[1] 2003996
[1] 2003996
[1] 2003996
[1] 2003996
[1] 2003997
[1] 2003997
[1] 2003997
[1] 2003997
[1] 2003997
[1] 2003997
[1] 2003997
[1] 2003997
[1] 2003997
[1] 2003997
[1] 2003997
[1] 2003997
[1] 2003997
[1] 2003998
[1] 2003998
[1] 2003998
[1] 2003998
[1] 2003998
[1] 2003998
[1] 2003998
[1] 2003998
[1] 2003998
[1] 2003998
[1] 2003998
[1] 2003998
[1] 2003998
[1] 2003998
[1] 2003999
[1] 2003999
[1] 2003999
[1] 2003999
[1] 2003999
[1] 2003999
[1] 2003999
[1] 2003999
[1] 2003999
[1] 2003999
[1] 2003999
[1] 2003999
[1] 2003999
[1] 2003999
[1] 2003999
[1] 2003999
[1] 2004000
[1] 2004000
[1] 2004000
[1] 2004000
[1] 2004000
[1] 2004000
[1] 2004000
[1] 2004000
[1] 2004000
[1] 2004000
[1] 2004000
[1] 2004000
[1] 2004000
[1] 2004000
[1] 2004000
[1] 2004000
[1] 2004000
[1] 2004000
[1] 2004000
[1] 2004001
[1] 2004001
[1] 2004001
[1] 2004001
[1] 2004001
[1] 2004001
[1] 2004001
[1] 2004001
[1] 2004001
[1] 2004001
[1] 2004001
[1] 2004001
[1] 2004001
[1] 2004001
[1] 2004001
[1] 2004001
[1] 2004001
[1] 2004001
[1] 2004001
[1] 2004001
[1] 2004001
[1] 2004001
[1] 2004002
[1] 2004002
[1] 2004002
[1] 2004002
[1] 2004002
[1] 2004002
[1] 2004002
[1] 2004002
[1] 2004002
[1] 2004002
[1] 2004002
[1] 2004002
[1] 2004002
[1] 2004002
[1] 2004002
[1] 2004002
[1] 2004002
[1] 2004002
[1] 2004002
[1] 2004002
[1] 2004002
[1] 2004002
[1] 2004002
[1] 2004002
[1] 2004002
[1] 2004002
[1] 2004002
[1] 2004003
[1] 2004003
[1] 2004003
[1] 2004003
[1] 2004003
[1] 2004003
[1] 2004003
[1] 2004003
[1] 2004003
[1] 2004003
[1] 2004003
[1] 2004003
[1] 2004003
[1] 2004003
[1] 2004003
[1] 2004003
[1] 2004003
[1] 2004003
[1] 2004003
[1] 2004003
[1] 2004003
[1] 2004003
[1] 2004003
[1] 2004003
[1] 2004004
[1] 2004004
[1] 2004004
[1] 2004004
[1] 2004004
[1] 2004004
[1] 2004004
[1] 2004004
[1] 2004004
[1] 2004004
[1] 2004004
[1] 2004004
[1] 2004004
[1] 2004004
[1] 2004004
[1] 2004004
[1] 2004004
[1] 2004004
[1] 2004004
[1] 2004005
[1] 2004005
[1] 2004005
[1] 2004005
[1] 2004005
[1] 2004005
[1] 2004005
[1] 2004005
[1] 2004005
[1] 2004005
[1] 2004005
[1] 2004005
[1] 2004005
[1] 2004005
[1] 2004005
[1] 2004005
[1] 2004005
[1] 2004005
[1] 2004006
[1] 2004006
[1] 2004006
[1] 2004006
[1] 2004006
[1] 2004006
[1] 2004006
[1] 2004006
[1] 2004006
[1] 2004006
[1] 2004006
[1] 2004006
[1] 2004006
[1] 2004006
[1] 2004006
[1] 2004006
[1] 2004006
[1] 2004006
[1] 2004007
[1] 2004007
[1] 2004007
[1] 2004007
[1] 2004007
[1] 2004007
[1] 2004007
[1] 2004007
[1] 2004007
[1] 2004007
[1] 2004007
[1] 2004007
[1] 2004007
[1] 2004007
[1] 2004007
[1] 2004007
[1] 2004007
[1] 2004008
[1] 2004008
[1] 2004008
[1] 2004008
[1] 2004008
[1] 2004008
[1] 2004008
[1] 2004008
[1] 2004008
[1] 2004008
[1] 2004008
[1] 2004008
[1] 2004008
[1] 2004008
[1] 2004008
[1] 2004008
[1] 2004008
[1] 2004009
[1] 2004009
[1] 2004009
[1] 2004009
[1] 2004009
[1] 2004009
[1] 2004009
[1] 2004009
[1] 2004009
[1] 2004009
[1] 2004009
[1] 2004009
[1] 2004009
[1] 2004009
[1] 2004009
[1] 2004009
[1] 2004010
[1] 2004010
[1] 2004010
[1] 2004010
[1] 2004010
[1] 2004010
[1] 2004010
[1] 2004010
[1] 2004010
[1] 2004010
[1] 2004010
[1] 2004010
[1] 2004010
[1] 2004011
[1] 2004011
[1] 2004011
[1] 2004011
[1] 2004011
[1] 2004011
[1] 2004011
[1] 2004011
[1] 2004011
[1] 2004011
[1] 2004011
[1] 2004011
[1] 2004011
[1] 2004012
[1] 2004012
[1] 2004012
[1] 2004012
[1] 2004012
[1] 2004012
[1] 2004012
[1] 2004012
[1] 2004012
[1] 2004012
[1] 2004012
[1] 2004012
[1] 2004012
[1] 2004013
[1] 2004013
[1] 2004013
[1] 2004013
[1] 2004013
[1] 2004013
[1] 2004013
[1] 2004013
[1] 2004013
[1] 2004013
[1] 2004013
[1] 2004014
[1] 2004014
[1] 2004014
[1] 2004014
[1] 2004014
[1] 2004014
[1] 2004014
[1] 2004014
[1] 2004014
[1] 2004014
[1] 2004014
[1] 2004014
[1] 2004015
[1] 2004015
[1] 2004015
[1] 2004015
[1] 2004015
[1] 2004015
[1] 2004015
[1] 2004015
[1] 2004015
[1] 2004015
[1] 2004015
[1] 2004015
[1] 2004016
[1] 2004016
[1] 2004016
[1] 2004016
[1] 2004016
[1] 2004016
[1] 2004016
[1] 2004016
[1] 2004016
[1] 2004016
[1] 2004016
[1] 2004017
[1] 2004017
[1] 2004017
[1] 2004017
[1] 2004017
[1] 2004017
[1] 2004017
[1] 2004017
[1] 2004017
[1] 2004017
[1] 2004017
[1] 2004017
[1] 2004018
[1] 2004018
[1] 2004018
[1] 2004018
[1] 2004018
[1] 2004018
[1] 2004018
[1] 2004018
[1] 2004018
[1] 2004018
[1] 2004018
[1] 2004018
[1] 2004019
[1] 2004019
[1] 2004019
[1] 2004019
[1] 2004019
[1] 2004019
[1] 2004019
[1] 2004019
[1] 2004019
[1] 2004019
[1] 2004019
[1] 2004019
[1] 2004019
[1] 2004020
[1] 2004020
[1] 2004020
[1] 2004020
[1] 2004020
[1] 2004020
[1] 2004020
[1] 2004020
[1] 2004020
[1] 2004020
[1] 2004020
[1] 2004020
[1] 2004020
[1] 2004020
[1] 2004021
[1] 2004021
[1] 2004021
[1] 2004021
[1] 2004021
[1] 2004021
[1] 2004021
[1] 2004021
[1] 2004021
[1] 2004021
[1] 2004021
[1] 2004021
[1] 2004021
[1] 2004021
[1] 2004022
[1] 2004022
[1] 2004022
[1] 2004022
[1] 2004022
[1] 2004022
[1] 2004022
[1] 2004022
[1] 2004022
[1] 2004022
[1] 2004022
[1] 2004022
[1] 2004022
[1] 2004022
[1] 2004022
[1] 2004023
[1] 2004023
[1] 2004023
[1] 2004023
[1] 2004023
[1] 2004023
[1] 2004023
[1] 2004023
[1] 2004023
[1] 2004023
[1] 2004023
[1] 2004023
[1] 2004023
[1] 2004023
[1] 2004023
[1] 2004023
[1] 2004024
[1] 2004024
[1] 2004024
[1] 2004024
[1] 2004024
[1] 2004024
[1] 2004024
[1] 2004024
[1] 2004024
[1] 2004024
[1] 2004024
[1] 2004024
[1] 2004024
[1] 2004024
[1] 2004024
[1] 2004025
[1] 2004025
[1] 2004025
[1] 2004025
[1] 2004025
[1] 2004025
[1] 2004025
[1] 2004025
[1] 2004025
[1] 2004025
[1] 2004025
[1] 2004025
[1] 2004025
[1] 2004025
[1] 2004025
[1] 2004025
[1] 2004026
[1] 2004026
[1] 2004026
[1] 2004026
[1] 2004026
[1] 2004026
[1] 2004026
[1] 2004026
[1] 2004026
[1] 2004026
[1] 2004026
[1] 2004026
[1] 2004026
[1] 2004026
[1] 2004026
[1] 2004026
[1] 2004027
[1] 2004027
[1] 2004027
[1] 2004027
[1] 2004027
[1] 2004027
[1] 2004027
[1] 2004027
[1] 2004027
[1] 2004027
[1] 2004027
[1] 2004027
[1] 2004027
[1] 2004027
[1] 2004027
[1] 2004027
[1] 2004027
[1] 2004028
[1] 2004028
[1] 2004028
[1] 2004028
[1] 2004028
[1] 2004028
[1] 2004028
[1] 2004028
[1] 2004028
[1] 2004028
[1] 2004028
[1] 2004028
[1] 2004028
[1] 2004028
[1] 2004028
[1] 2004028
[1] 2004028
[1] 2004028
[1] 2004029
[1] 2004029
[1] 2004029
[1] 2004029
[1] 2004029
[1] 2004029
[1] 2004029
[1] 2004029
[1] 2004029
[1] 2004029
[1] 2004029
[1] 2004029
[1] 2004029
[1] 2004029
[1] 2004029
[1] 2004029
[1] 2004029
[1] 2004029
[1] 2004029
[1] 2004030
[1] 2004030
[1] 2004030
[1] 2004030
[1] 2004030
[1] 2004030
[1] 2004030
[1] 2004030
[1] 2004030
[1] 2004030
[1] 2004030
[1] 2004030
[1] 2004030
[1] 2004030
[1] 2004030
[1] 2004030
[1] 2004030
[1] 2004030
[1] 2004030
[1] 2004030
[1] 2004030
[1] 2004031
[1] 2004031
[1] 2004031
[1] 2004031
[1] 2004031
[1] 2004031
[1] 2004031
[1] 2004031
[1] 2004031
[1] 2004031
[1] 2004031
[1] 2004031
[1] 2004031
[1] 2004031
[1] 2004031
[1] 2004031
[1] 2004031
[1] 2004031
[1] 2004031
[1] 2004031
[1] 2004031
[1] 2004031
[1] 2004031
[1] 2004031
[1] 2004031
[1] 2004032
[1] 2004032
[1] 2004032
[1] 2004032
[1] 2004032
[1] 2004032
[1] 2004032
[1] 2004032
[1] 2004032
[1] 2004032
[1] 2004032
[1] 2004032
[1] 2004032
[1] 2004032
[1] 2004032
[1] 2004032
[1] 2004032
[1] 2004032
[1] 2004032
[1] 2004032
[1] 2004032
[1] 2004032
[1] 2004032
[1] 2004032
[1] 2004032
[1] 2004032
[1] 2004032
[1] 2004032
[1] 2004032
[1] 2004032
[1] 2004033
[1] 2004033
[1] 2004033
[1] 2004033
[1] 2004033
[1] 2004033
[1] 2004033
[1] 2004033
[1] 2004033
[1] 2004033
[1] 2004033
[1] 2004033
[1] 2004033
[1] 2004033
[1] 2004033
[1] 2004033
[1] 2004033
[1] 2004033
[1] 2004033
[1] 2004033
[1] 2004033
[1] 2004033
[1] 2004033
[1] 2004033
[1] 2004033
[1] 2004033
[1] 2004033
[1] 2004033
[1] 2004033
[1] 2004033
[1] 2004033
[1] 2004033
[1] 2004033
[1] 2004034
[1] 2004034
[1] 2004034
[1] 2004034
[1] 2004034
[1] 2004034
[1] 2004034
[1] 2004034
[1] 2004034
[1] 2004034
[1] 2004034
[1] 2004034
[1] 2004034
[1] 2004034
[1] 2004034
[1] 2004034
[1] 2004034
[1] 2004034
[1] 2004034
[1] 2004034
[1] 2004034
[1] 2004034
[1] 2004034
[1] 2004034
[1] 2004034
[1] 2004034
[1] 2004034
[1] 2004034
[1] 2004034
[1] 2004034
[1] 2004034
[1] 2004034
[1] 2004034
[1] 2004035
[1] 2004035
[1] 2004035
[1] 2004035
[1] 2004035
[1] 2004035
[1] 2004035
[1] 2004035
[1] 2004035
[1] 2004035
[1] 2004035
[1] 2004035
[1] 2004035
[1] 2004035
[1] 2004035
[1] 2004035
[1] 2004035
[1] 2004035
[1] 2004035
[1] 2004035
[1] 2004035
[1] 2004035
[1] 2004035
[1] 2004035
[1] 2004035
[1] 2004035
[1] 2004035
[1] 2004035
[1] 2004035
[1] 2004035
[1] 2004035
[1] 2004035
[1] 2004035
[1] 2004036
[1] 2004036
[1] 2004036
[1] 2004036
[1] 2004036
[1] 2004036
[1] 2004036
[1] 2004036
[1] 2004036
[1] 2004036
[1] 2004036
[1] 2004036
[1] 2004036
[1] 2004036
[1] 2004036
[1] 2004036
[1] 2004036
[1] 2004036
[1] 2004036
[1] 2004036
[1] 2004036
[1] 2004036
[1] 2004036
[1] 2004036
[1] 2004036
[1] 2004036
[1] 2004036
[1] 2004036
[1] 2004036
[1] 2004036
[1] 2004036
[1] 2004036
[1] 2004036
[1] 2004036
[1] 2004037
[1] 2004037
[1] 2004037
[1] 2004037
[1] 2004037
[1] 2004037
[1] 2004037
[1] 2004037
[1] 2004037
[1] 2004037
[1] 2004037
[1] 2004037
[1] 2004037
[1] 2004037
[1] 2004037
[1] 2004037
[1] 2004037
[1] 2004037
[1] 2004037
[1] 2004037
[1] 2004037
[1] 2004037
[1] 2004037
[1] 2004037
[1] 2004037
[1] 2004037
[1] 2004037
[1] 2004037
[1] 2004037
[1] 2004037
[1] 2004037
[1] 2004037
[1] 2004037
[1] 2004037
[1] 2004038
[1] 2004038
[1] 2004038
[1] 2004038
[1] 2004038
[1] 2004038
[1] 2004038
[1] 2004038
[1] 2004038
[1] 2004038
[1] 2004038
[1] 2004038
[1] 2004038
[1] 2004038
[1] 2004038
[1] 2004038
[1] 2004038
[1] 2004038
[1] 2004038
[1] 2004038
[1] 2004038
[1] 2004038
[1] 2004038
[1] 2004038
[1] 2004038
[1] 2004038
[1] 2004038
[1] 2004038
[1] 2004038
[1] 2004038
[1] 2004038
[1] 2004038
[1] 2004038
[1] 2004038
[1] 2004038
[1] 2004039
[1] 2004039
[1] 2004039
[1] 2004039
[1] 2004039
[1] 2004039
[1] 2004039
[1] 2004039
[1] 2004039
[1] 2004039
[1] 2004039
[1] 2004039
[1] 2004039
[1] 2004039
[1] 2004039
[1] 2004039
[1] 2004039
[1] 2004039
[1] 2004039
[1] 2004039
[1] 2004039
[1] 2004039
[1] 2004039
[1] 2004039
[1] 2004039
[1] 2004039
[1] 2004039
[1] 2004039
[1] 2004039
[1] 2004039
[1] 2004039
[1] 2004039
[1] 2004039
[1] 2004039
[1] 2004040
[1] 2004040
[1] 2004040
[1] 2004040
[1] 2004040
[1] 2004040
[1] 2004040
[1] 2004040
[1] 2004040
[1] 2004040
[1] 2004040
[1] 2004040
[1] 2004040
[1] 2004040
[1] 2004040
[1] 2004040
[1] 2004040
[1] 2004040
[1] 2004040
[1] 2004040
[1] 2004040
[1] 2004040
[1] 2004040
[1] 2004040
[1] 2004040
[1] 2004040
[1] 2004040
[1] 2004040
[1] 2004040
[1] 2004040
[1] 2004040
[1] 2004040
[1] 2004040
[1] 2004040
[1] 2004041
[1] 2004041
[1] 2004041
[1] 2004041
[1] 2004041
[1] 2004041
[1] 2004041
[1] 2004041
[1] 2004041
[1] 2004041
[1] 2004041
[1] 2004041
[1] 2004041
[1] 2004041
[1] 2004041
[1] 2004041
[1] 2004041
[1] 2004041
[1] 2004041
[1] 2004041
[1] 2004041
[1] 2004041
[1] 2004041
[1] 2004041
[1] 2004041
[1] 2004041
[1] 2004041
[1] 2004041
[1] 2004041
[1] 2004041
[1] 2004041
[1] 2004041
[1] 2004041
[1] 2004042
[1] 2004042
[1] 2004042
[1] 2004042
[1] 2004042
[1] 2004042
[1] 2004042
[1] 2004042
[1] 2004042
[1] 2004042
[1] 2004042
[1] 2004042
[1] 2004042
[1] 2004042
[1] 2004042
[1] 2004042
[1] 2004042
[1] 2004042
[1] 2004042
[1] 2004042
[1] 2004042
[1] 2004042
[1] 2004042
[1] 2004042
[1] 2004042
[1] 2004042
[1] 2004042
[1] 2004042
[1] 2004042
[1] 2004042
[1] 2004042
[1] 2004042
[1] 2004043
[1] 2004043
[1] 2004043
[1] 2004043
[1] 2004043
[1] 2004043
[1] 2004043
[1] 2004043
[1] 2004043
[1] 2004043
[1] 2004043
[1] 2004043
[1] 2004043
[1] 2004043
[1] 2004043
[1] 2004043
[1] 2004043
[1] 2004043
[1] 2004043
[1] 2004043
[1] 2004043
[1] 2004043
[1] 2004043
[1] 2004043
[1] 2004043
[1] 2004043
[1] 2004043
[1] 2004043
[1] 2004043
[1] 2004043
[1] 2004043
[1] 2004043
[1] 2004044
[1] 2004044
[1] 2004044
[1] 2004044
[1] 2004044
[1] 2004044
[1] 2004044
[1] 2004044
[1] 2004044
[1] 2004044
[1] 2004044
[1] 2004044
[1] 2004044
[1] 2004044
[1] 2004044
[1] 2004044
[1] 2004044
[1] 2004044
[1] 2004044
[1] 2004044
[1] 2004044
[1] 2004044
[1] 2004044
[1] 2004044
[1] 2004044
[1] 2004044
[1] 2004044
[1] 2004044
[1] 2004044
[1] 2004044
[1] 2004044
[1] 2004044
[1] 2004045
[1] 2004045
[1] 2004045
[1] 2004045
[1] 2004045
[1] 2004045
[1] 2004045
[1] 2004045
[1] 2004045
[1] 2004045
[1] 2004045
[1] 2004045
[1] 2004045
[1] 2004045
[1] 2004045
[1] 2004045
[1] 2004045
[1] 2004045
[1] 2004045
[1] 2004045
[1] 2004045
[1] 2004045
[1] 2004045
[1] 2004045
[1] 2004045
[1] 2004045
[1] 2004045
[1] 2004045
[1] 2004045
[1] 2004045
[1] 2004045
[1] 2004045
[1] 2004046
[1] 2004046
[1] 2004046
[1] 2004046
[1] 2004046
[1] 2004046
[1] 2004046
[1] 2004046
[1] 2004046
[1] 2004046
[1] 2004046
[1] 2004046
[1] 2004046
[1] 2004046
[1] 2004046
[1] 2004046
[1] 2004046
[1] 2004046
[1] 2004046
[1] 2004046
[1] 2004046
[1] 2004046
[1] 2004046
[1] 2004046
[1] 2004046
[1] 2004046
[1] 2004046
[1] 2004046
[1] 2004046
[1] 2004046
[1] 2004046
[1] 2004046
[1] 2004047
[1] 2004047
[1] 2004047
[1] 2004047
[1] 2004047
[1] 2004047
[1] 2004047
[1] 2004047
[1] 2004047
[1] 2004047
[1] 2004047
[1] 2004047
[1] 2004047
[1] 2004047
[1] 2004047
[1] 2004047
[1] 2004047
[1] 2004047
[1] 2004047
[1] 2004047
[1] 2004047
[1] 2004047
[1] 2004047
[1] 2004047
[1] 2004047
[1] 2004047
[1] 2004047
[1] 2004047
[1] 2004047
[1] 2004047
[1] 2004048
[1] 2004048
[1] 2004048
[1] 2004048
[1] 2004048
[1] 2004048
[1] 2004048
[1] 2004048
[1] 2004048
[1] 2004048
[1] 2004048
[1] 2004048
[1] 2004048
[1] 2004048
[1] 2004048
[1] 2004048
[1] 2004048
[1] 2004048
[1] 2004048
[1] 2004048
[1] 2004048
[1] 2004048
[1] 2004048
[1] 2004048
[1] 2004048
[1] 2004048
[1] 2004048
[1] 2004048
[1] 2004049
[1] 2004049
[1] 2004049
[1] 2004049
[1] 2004049
[1] 2004049
[1] 2004049
[1] 2004049
[1] 2004049
[1] 2004049
[1] 2004049
[1] 2004049
[1] 2004049
[1] 2004049
[1] 2004049
[1] 2004049
[1] 2004049
[1] 2004049
[1] 2004049
[1] 2004049
[1] 2004049
[1] 2004049
[1] 2004049
[1] 2004049
[1] 2004049
[1] 2004049
[1] 2004049
[1] 2004049
[1] 2004050
[1] 2004050
[1] 2004050
[1] 2004050
[1] 2004050
[1] 2004050
[1] 2004050
[1] 2004050
[1] 2004050
[1] 2004050
[1] 2004050
[1] 2004050
[1] 2004050
[1] 2004050
[1] 2004050
[1] 2004050
[1] 2004050
[1] 2004050
[1] 2004050
[1] 2004050
[1] 2004050
[1] 2004050
[1] 2004050
[1] 2004050
[1] 2004050
[1] 2004050
[1] 2004050
[1] 2004051
[1] 2004051
[1] 2004051
[1] 2004051
[1] 2004051
[1] 2004051
[1] 2004051
[1] 2004051
[1] 2004051
[1] 2004051
[1] 2004051
[1] 2004051
[1] 2004051
[1] 2004051
[1] 2004051
[1] 2004051
[1] 2004051
[1] 2004051
[1] 2004051
[1] 2004051
[1] 2004051
[1] 2004051
[1] 2004051
[1] 2004051
[1] 2004051
[1] 2004051
[1] 2004051
[1] 2004052
[1] 2004052
[1] 2004052
[1] 2004052
[1] 2004052
[1] 2004052
[1] 2004052
[1] 2004052
[1] 2004052
[1] 2004052
[1] 2004052
[1] 2004052
[1] 2004052
[1] 2004052
[1] 2004052
[1] 2004052
[1] 2004052
[1] 2004052
[1] 2004052
[1] 2004052
[1] 2004052
[1] 2004052
[1] 2004052
[1] 2004052
[1] 2004052
[1] 2004052
[1] 2004052
[1] 2004052
[1] 2004052
[1] 2004053
[1] 2004053
[1] 2004053
[1] 2004053
[1] 2004053
[1] 2004053
[1] 2004053
[1] 2004053
[1] 2004053
[1] 2004053
[1] 2004053
[1] 2004053
[1] 2004053
[1] 2004053
[1] 2004053
[1] 2004053
[1] 2004053
[1] 2004053
[1] 2004053
[1] 2004053
[1] 2004053
[1] 2004053
[1] 2004053
[1] 2004053
[1] 2004053
[1] 2004053
[1] 2004053
[1] 2004053
[1] 2004053
[1] 2004053
[1] 2004053
[1] 2004053
[1] 2004054
[1] 2004054
[1] 2004054
[1] 2004054
[1] 2004054
[1] 2004054
[1] 2004054
[1] 2004054
[1] 2004054
[1] 2004054
[1] 2004054
[1] 2004054
[1] 2004054
[1] 2004054
[1] 2004054
[1] 2004054
[1] 2004054
[1] 2004054
[1] 2004054
[1] 2004054
[1] 2004054
[1] 2004054
[1] 2004054
[1] 2004054
[1] 2004054
[1] 2004054
[1] 2004054
[1] 2004054
[1] 2004054
[1] 2004054
[1] 2004054
[1] 2004054
[1] 2004054
[1] 2004054
[1] 2004054
[1] 2004054
[1] 2004054
[1] 2004055
[1] 2004055
[1] 2004055
[1] 2004055
[1] 2004055
[1] 2004055
[1] 2004055
[1] 2004055
[1] 2004055
[1] 2004055
[1] 2004055
[1] 2004055
[1] 2004055
[1] 2004055
[1] 2004055
[1] 2004055
[1] 2004055
[1] 2004055
[1] 2004055
[1] 2004055
[1] 2004055
[1] 2004055
[1] 2004055
[1] 2004055
[1] 2004055
[1] 2004055
[1] 2004055
[1] 2004055
[1] 2004055
[1] 2004055
[1] 2004055
[1] 2004055
[1] 2004055
[1] 2004055
[1] 2004055
[1] 2004055
[1] 2004055
[1] 2004055
[1] 2004055
[1] 2004055
[1] 2004055
[1] 2004055
[1] 2004056
[1] 2004056
[1] 2004056
[1] 2004056
[1] 2004056
[1] 2004056
[1] 2004056
[1] 2004056
[1] 2004056
[1] 2004056
[1] 2004056
[1] 2004056
[1] 2004056
[1] 2004056
[1] 2004056
[1] 2004056
[1] 2004056
[1] 2004056
[1] 2004056
[1] 2004056
[1] 2004056
[1] 2004056
[1] 2004056
[1] 2004056
[1] 2004056
[1] 2004056
[1] 2004056
[1] 2004056
[1] 2004056
[1] 2004056
[1] 2004056
[1] 2004056
[1] 2004056
[1] 2004056
[1] 2004056
[1] 2004056
[1] 2004056
[1] 2004056
[1] 2004056
[1] 2004056
[1] 2004056
[1] 2004056
[1] 2004056
[1] 2004056
[1] 2004056
[1] 2004056
[1] 2004056
[1] 2004056
[1] 2004056
[1] 2004057
[1] 2004057
[1] 2004057
[1] 2004057
[1] 2004057
[1] 2004057
[1] 2004057
[1] 2004057
[1] 2004057
[1] 2004057
[1] 2004057
[1] 2004057
[1] 2004057
[1] 2004057
[1] 2004057
[1] 2004057
[1] 2004057
[1] 2004057
[1] 2004057
[1] 2004057
[1] 2004057
[1] 2004057
[1] 2004057
[1] 2004057
[1] 2004057
[1] 2004057
[1] 2004057
[1] 2004057
[1] 2004057
[1] 2004057
[1] 2004057
[1] 2004057
[1] 2004057
[1] 2004057
[1] 2004057
[1] 2004057
[1] 2004057
[1] 2004057
[1] 2004057
[1] 2004057
[1] 2004057
[1] 2004057
[1] 2004057
[1] 2004057
[1] 2004057
[1] 2004057
[1] 2004057
[1] 2004057
[1] 2004057
[1] 2004057
[1] 2004058
[1] 2004058
[1] 2004058
[1] 2004058
[1] 2004058
[1] 2004058
[1] 2004058
[1] 2004058
[1] 2004058
[1] 2004058
[1] 2004058
[1] 2004058
[1] 2004058
[1] 2004058
[1] 2004058
[1] 2004058
[1] 2004058
[1] 2004058
[1] 2004058
[1] 2004058
[1] 2004058
[1] 2004058
[1] 2004058
[1] 2004058
[1] 2004058
[1] 2004058
[1] 2004058
[1] 2004058
[1] 2004058
[1] 2004058
[1] 2004058
[1] 2004058
[1] 2004058
[1] 2004058
[1] 2004058
[1] 2004058
[1] 2004058
[1] 2004058
[1] 2004059
[1] 2004059
[1] 2004059
[1] 2004059
[1] 2004059
[1] 2004059
[1] 2004059
[1] 2004059
[1] 2004059
[1] 2004059
[1] 2004059
[1] 2004059
[1] 2004059
[1] 2004059
[1] 2004059
[1] 2004059
[1] 2004059
[1] 2004059
[1] 2004059
[1] 2004059
[1] 2004059
[1] 2004059
[1] 2004059
[1] 2004059
[1] 2004059
[1] 2004059
[1] 2004059
[1] 2004059
[1] 2004059
[1] 2004059
[1] 2004059
[1] 2004059
[1] 2004060
[1] 2004060
[1] 2004060
[1] 2004060
[1] 2004060
[1] 2004060
[1] 2004060
[1] 2004060
[1] 2004060
[1] 2004060
[1] 2004060
[1] 2004060
[1] 2004060
[1] 2004060
[1] 2004060
[1] 2004060
[1] 2004060
[1] 2004060
[1] 2004060
[1] 2004060
[1] 2004060
[1] 2004060
[1] 2004060
[1] 2004060
[1] 2004060
[1] 2004060
[1] 2004060
[1] 2004060
[1] 2004060
[1] 2004060
[1] 2004061
[1] 2004061
[1] 2004061
[1] 2004061
[1] 2004061
[1] 2004061
[1] 2004061
[1] 2004061
[1] 2004061
[1] 2004061
[1] 2004061
[1] 2004061
[1] 2004061
[1] 2004061
[1] 2004061
[1] 2004061
[1] 2004061
[1] 2004061
[1] 2004061
[1] 2004061
[1] 2004061
[1] 2004061
[1] 2004061
[1] 2004061
[1] 2004061
[1] 2004061
[1] 2004061
[1] 2004061
[1] 2004061
[1] 2004061
[1] 2004062
[1] 2004062
[1] 2004062
[1] 2004062
[1] 2004062
[1] 2004062
[1] 2004062
[1] 2004062
[1] 2004062
[1] 2004062
[1] 2004062
[1] 2004062
[1] 2004062
[1] 2004062
[1] 2004062
[1] 2004062
[1] 2004062
[1] 2004062
[1] 2004062
[1] 2004062
[1] 2004062
[1] 2004062
[1] 2004062
[1] 2004062
[1] 2004062
[1] 2004062
[1] 2004062
[1] 2004062
[1] 2004062
[1] 2004062
[1] 2004062
[1] 2004063
[1] 2004063
[1] 2004063
[1] 2004063
[1] 2004063
[1] 2004063
[1] 2004063
[1] 2004063
[1] 2004063
[1] 2004063
[1] 2004063
[1] 2004063
[1] 2004063
[1] 2004063
[1] 2004063
[1] 2004063
[1] 2004063
[1] 2004063
[1] 2004063
[1] 2004063
[1] 2004063
[1] 2004063
[1] 2004063
[1] 2004063
[1] 2004063
[1] 2004063
[1] 2004063
[1] 2004063
[1] 2004063
[1] 2004063
[1] 2004063
[1] 2004063
[1] 2004063
[1] 2004063
[1] 2004064
[1] 2004064
[1] 2004064
[1] 2004064
[1] 2004064
[1] 2004064
[1] 2004064
[1] 2004064
[1] 2004064
[1] 2004064
[1] 2004064
[1] 2004064
[1] 2004064
[1] 2004064
[1] 2004064
[1] 2004064
[1] 2004064
[1] 2004064
[1] 2004064
[1] 2004064
[1] 2004064
[1] 2004064
[1] 2004064
[1] 2004064
[1] 2004064
[1] 2004064
[1] 2004064
[1] 2004064
[1] 2004064
[1] 2004064
[1] 2004064
[1] 2004064
[1] 2004064
[1] 2004064
[1] 2004064
[1] 2004064
[1] 2004064
[1] 2004064
[1] 2004065
[1] 2004065
[1] 2004065
[1] 2004065
[1] 2004065
[1] 2004065
[1] 2004065
[1] 2004065
[1] 2004065
[1] 2004065
[1] 2004065
[1] 2004065
[1] 2004065
[1] 2004065
[1] 2004065
[1] 2004065
[1] 2004065
[1] 2004065
[1] 2004065
[1] 2004065
[1] 2004065
[1] 2004065
[1] 2004065
[1] 2004065
[1] 2004065
[1] 2004065
[1] 2004065
[1] 2004065
[1] 2004065
[1] 2004065
[1] 2004065
[1] 2004065
[1] 2004065
[1] 2004065
[1] 2004065
[1] 2004065
[1] 2004065
[1] 2004065
[1] 2004065
[1] 2004065
[1] 2004065
[1] 2004066
[1] 2004066
[1] 2004066
[1] 2004066
[1] 2004066
[1] 2004066
[1] 2004066
[1] 2004066
[1] 2004066
[1] 2004066
[1] 2004066
[1] 2004066
[1] 2004066
[1] 2004066
[1] 2004066
[1] 2004066
[1] 2004066
[1] 2004066
[1] 2004066
[1] 2004066
[1] 2004066
[1] 2004066
[1] 2004066
[1] 2004066
[1] 2004066
[1] 2004066
[1] 2004066
[1] 2004066
[1] 2004066
[1] 2004066
[1] 2004066
[1] 2004066
[1] 2004066
[1] 2004066
[1] 2004066
[1] 2004066
[1] 2004066
[1] 2004066
[1] 2004066
[1] 2004066
[1] 2004066
[1] 2004066
[1] 2004066
[1] 2004066
[1] 2004066
[1] 2004066
[1] 2004067
[1] 2004067
[1] 2004067
[1] 2004067
[1] 2004067
[1] 2004067
[1] 2004067
[1] 2004067
[1] 2004067
[1] 2004067
[1] 2004067
[1] 2004067
[1] 2004067
[1] 2004067
[1] 2004067
[1] 2004067
[1] 2004067
[1] 2004067
[1] 2004067
[1] 2004067
[1] 2004067
[1] 2004067
[1] 2004067
[1] 2004067
[1] 2004067
[1] 2004067
[1] 2004067
[1] 2004067
[1] 2004067
[1] 2004067
[1] 2004067
[1] 2004067
[1] 2004067
[1] 2004067
[1] 2004067
[1] 2004067
[1] 2004067
[1] 2004067
[1] 2004067
[1] 2004067
[1] 2004067
[1] 2004067
[1] 2004067
[1] 2004067
[1] 2004067
[1] 2004067
[1] 2004067
[1] 2004067
[1] 2004067
[1] 2004067
[1] 2004067
[1] 2004067
[1] 2004067
[1] 2004067
[1] 2004067
[1] 2004067
[1] 2004067
[1] 2004067
[1] 2004067
[1] 2004067
[1] 2004068
[1] 2004068
[1] 2004068
[1] 2004068
[1] 2004068
[1] 2004068
[1] 2004068
[1] 2004068
[1] 2004068
[1] 2004068
[1] 2004068
[1] 2004068
[1] 2004068
[1] 2004068
[1] 2004068
[1] 2004068
[1] 2004068
[1] 2004068
[1] 2004068
[1] 2004068
[1] 2004068
[1] 2004068
[1] 2004068
[1] 2004068
[1] 2004068
[1] 2004068
[1] 2004068
[1] 2004068
[1] 2004068
[1] 2004068
[1] 2004068
[1] 2004068
[1] 2004068
[1] 2004068
[1] 2004068
[1] 2004068
[1] 2004068
[1] 2004068
[1] 2004068
[1] 2004068
[1] 2004068
[1] 2004068
[1] 2004068
[1] 2004068
[1] 2004068
[1] 2004068
[1] 2004068
[1] 2004068
[1] 2004068
[1] 2004068
[1] 2004068
[1] 2004068
[1] 2004069
[1] 2004069
[1] 2004069
[1] 2004069
[1] 2004069
[1] 2004069
[1] 2004069
[1] 2004069
[1] 2004069
[1] 2004069
[1] 2004069
[1] 2004069
[1] 2004069
[1] 2004069
[1] 2004069
[1] 2004069
[1] 2004069
[1] 2004069
[1] 2004069
[1] 2004069
[1] 2004069
[1] 2004069
[1] 2004069
[1] 2004069
[1] 2004069
[1] 2004069
[1] 2004069
[1] 2004069
[1] 2004069
[1] 2004069
[1] 2004069
[1] 2004069
[1] 2004069
[1] 2004069
[1] 2004069
[1] 2004069
[1] 2004069
[1] 2004069
[1] 2004069
[1] 2004069
[1] 2004069
[1] 2004069
[1] 2004069
[1] 2004069
[1] 2004069
[1] 2004069
[1] 2004069
[1] 2004069
[1] 2004069
[1] 2004069
[1] 2004070
[1] 2004070
[1] 2004070
[1] 2004070
[1] 2004070
[1] 2004070
[1] 2004070
[1] 2004070
[1] 2004070
[1] 2004070
[1] 2004070
[1] 2004070
[1] 2004070
[1] 2004070
[1] 2004070
[1] 2004070
[1] 2004070
[1] 2004070
[1] 2004070
[1] 2004070
[1] 2004070
[1] 2004070
[1] 2004070
[1] 2004070
[1] 2004070
[1] 2004070
[1] 2004070
[1] 2004070
[1] 2004070
[1] 2004070
[1] 2004070
[1] 2004070
[1] 2004070
[1] 2004070
[1] 2004070
[1] 2004070
[1] 2004070
[1] 2004070
[1] 2004070
[1] 2004070
[1] 2004070
[1] 2004070
[1] 2004070
[1] 2004070
[1] 2004070
[1] 2004070
[1] 2004070
[1] 2004070
[1] 2004070
[1] 2004071
[1] 2004071
[1] 2004071
[1] 2004071
[1] 2004071
[1] 2004071
[1] 2004071
[1] 2004071
[1] 2004071
[1] 2004071
[1] 2004071
[1] 2004071
[1] 2004071
[1] 2004071
[1] 2004071
[1] 2004071
[1] 2004071
[1] 2004071
[1] 2004071
[1] 2004071
[1] 2004071
[1] 2004071
[1] 2004071
[1] 2004071
[1] 2004071
[1] 2004071
[1] 2004071
[1] 2004071
[1] 2004071
[1] 2004071
[1] 2004071
[1] 2004071
[1] 2004071
[1] 2004071
[1] 2004071
[1] 2004071
[1] 2004071
[1] 2004071
[1] 2004071
[1] 2004071
[1] 2004071
[1] 2004071
[1] 2004071
[1] 2004071
[1] 2004071
[1] 2004071
[1] 2004071
[1] 2004071
[1] 2004071
[1] 2004072
[1] 2004072
[1] 2004072
[1] 2004072
[1] 2004072
[1] 2004072
[1] 2004072
[1] 2004072
[1] 2004072
[1] 2004072
[1] 2004072
[1] 2004072
[1] 2004072
[1] 2004072
[1] 2004072
[1] 2004072
[1] 2004072
[1] 2004072
[1] 2004072
[1] 2004072
[1] 2004072
[1] 2004072
[1] 2004072
[1] 2004072
[1] 2004072
[1] 2004072
[1] 2004072
[1] 2004072
[1] 2004072
[1] 2004072
[1] 2004072
[1] 2004072
[1] 2004072
[1] 2004072
[1] 2004072
[1] 2004072
[1] 2004072
[1] 2004072
[1] 2004072
[1] 2004072
[1] 2004072
[1] 2004072
[1] 2004072
[1] 2004072
[1] 2004072
[1] 2004072
[1] 2004072
[1] 2004072
[1] 2004072
[1] 2004072
[1] 2004072
[1] 2004072
[1] 2004073
[1] 2004073
[1] 2004073
[1] 2004073
[1] 2004073
[1] 2004073
[1] 2004073
[1] 2004073
[1] 2004073
[1] 2004073
[1] 2004073
[1] 2004073
[1] 2004073
[1] 2004073
[1] 2004073
[1] 2004073
[1] 2004073
[1] 2004073
[1] 2004073
[1] 2004073
[1] 2004073
[1] 2004073
[1] 2004073
[1] 2004073
[1] 2004073
[1] 2004073
[1] 2004073
[1] 2004073
[1] 2004073
[1] 2004073
[1] 2004073
[1] 2004073
[1] 2004073
[1] 2004073
[1] 2004073
[1] 2004073
[1] 2004073
[1] 2004073
[1] 2004073
[1] 2004073
[1] 2004073
[1] 2004073
[1] 2004073
[1] 2004073
[1] 2004073
[1] 2004073
[1] 2004073
[1] 2004073
[1] 2004073
[1] 2004073
[1] 2004073
[1] 2004073
[1] 2004073
[1] 2004073
[1] 2004073
[1] 2004073
[1] 2004073
[1] 2004073
[1] 2004073
[1] 2004073
[1] 2004074
[1] 2004074
[1] 2004074
[1] 2004074
[1] 2004074
[1] 2004074
[1] 2004074
[1] 2004074
[1] 2004074
[1] 2004074
[1] 2004074
[1] 2004074
[1] 2004074
[1] 2004074
[1] 2004074
[1] 2004074
[1] 2004074
[1] 2004074
[1] 2004074
[1] 2004074
[1] 2004074
[1] 2004074
[1] 2004074
[1] 2004074
[1] 2004074
[1] 2004074
[1] 2004074
[1] 2004074
[1] 2004074
[1] 2004074
[1] 2004074
[1] 2004074
[1] 2004074
[1] 2004074
[1] 2004074
[1] 2004074
[1] 2004074
[1] 2004074
[1] 2004074
[1] 2004074
[1] 2004074
[1] 2004074
[1] 2004074
[1] 2004074
[1] 2004074
[1] 2004074
[1] 2004074
[1] 2004074
[1] 2004074
[1] 2004074
[1] 2004074
[1] 2004074
[1] 2004074
[1] 2004074
[1] 2004074
[1] 2004074
[1] 2004074
[1] 2004074
[1] 2004074
[1] 2004074
[1] 2004074
[1] 2004074
[1] 2004074
[1] 2004074
[1] 2004074
[1] 2004074
[1] 2004074
[1] 2004074
[1] 2004074
[1] 2004074
[1] 2004074
[1] 2004074
[1] 2004074
[1] 2004074
[1] 2004074
[1] 2004075
[1] 2004075
[1] 2004075
[1] 2004075
[1] 2004075
[1] 2004075
[1] 2004075
[1] 2004075
[1] 2004075
[1] 2004075
[1] 2004075
[1] 2004075
[1] 2004075
[1] 2004075
[1] 2004075
[1] 2004075
[1] 2004075
[1] 2004075
[1] 2004075
[1] 2004075
[1] 2004075
[1] 2004075
[1] 2004075
[1] 2004075
[1] 2004075
[1] 2004075
[1] 2004075
[1] 2004075
[1] 2004075
[1] 2004075
[1] 2004075
[1] 2004075
[1] 2004075
[1] 2004075
[1] 2004075
[1] 2004075
[1] 2004075
[1] 2004075
[1] 2004075
[1] 2004075
[1] 2004075
[1] 2004075
[1] 2004075
[1] 2004075
[1] 2004075
[1] 2004075
[1] 2004075
[1] 2004075
[1] 2004075
[1] 2004075
[1] 2004075
[1] 2004075
[1] 2004075
[1] 2004075
[1] 2004075
[1] 2004075
[1] 2004075
[1] 2004075
[1] 2004075
[1] 2004075
[1] 2004075
[1] 2004075
[1] 2004075
[1] 2004075
[1] 2004075
[1] 2004075
[1] 2004075
[1] 2004075
[1] 2004075
[1] 2004075
[1] 2004075
[1] 2004075
[1] 2004075
[1] 2004075
[1] 2004075
[1] 2004075
[1] 2004075
[1] 2004075
[1] 2004075
[1] 2004075
[1] 2004075
[1] 2004075
[1] 2004075
[1] 2004075
[1] 2004075
[1] 2004075
[1] 2004075
[1] 2004075
[1] 2004075
[1] 2004076
[1] 2004076
[1] 2004076
[1] 2004076
[1] 2004076
[1] 2004076
[1] 2004076
[1] 2004076
[1] 2004076
[1] 2004076
[1] 2004076
[1] 2004076
[1] 2004076
[1] 2004076
[1] 2004076
[1] 2004076
[1] 2004076
[1] 2004076
[1] 2004076
[1] 2004076
[1] 2004076
[1] 2004076
[1] 2004076
[1] 2004076
[1] 2004076
[1] 2004076
[1] 2004076
[1] 2004076
[1] 2004076
[1] 2004076
[1] 2004076
[1] 2004076
[1] 2004076
[1] 2004076
[1] 2004076
[1] 2004076
[1] 2004076
[1] 2004076
[1] 2004076
[1] 2004076
[1] 2004076
[1] 2004076
[1] 2004076
[1] 2004076
[1] 2004076
[1] 2004076
[1] 2004076
[1] 2004076
[1] 2004076
[1] 2004076
[1] 2004076
[1] 2004076
[1] 2004076
[1] 2004076
[1] 2004076
[1] 2004076
[1] 2004076
[1] 2004076
[1] 2004076
[1] 2004076
[1] 2004076
[1] 2004076
[1] 2004076
[1] 2004076
[1] 2004076
[1] 2004076
[1] 2004076
[1] 2004076
[1] 2004076
[1] 2004076
[1] 2004076
[1] 2004076
[1] 2004076
[1] 2004076
[1] 2004076
[1] 2004076
[1] 2004076
[1] 2004076
[1] 2004076
[1] 2004076
[1] 2004077
[1] 2004077
[1] 2004077
[1] 2004077
[1] 2004077
[1] 2004077
[1] 2004077
[1] 2004077
[1] 2004077
[1] 2004077
[1] 2004077
[1] 2004077
[1] 2004077
[1] 2004077
[1] 2004077
[1] 2004077
[1] 2004077
[1] 2004077
[1] 2004077
[1] 2004077
[1] 2004077
[1] 2004077
[1] 2004077
[1] 2004077
[1] 2004077
[1] 2004077
[1] 2004077
[1] 2004077
[1] 2004077
[1] 2004077
[1] 2004077
[1] 2004077
[1] 2004077
[1] 2004077
[1] 2004077
[1] 2004077
[1] 2004077
[1] 2004077
[1] 2004077
[1] 2004077
[1] 2004077
[1] 2004077
[1] 2004077
[1] 2004077
[1] 2004077
[1] 2004077
[1] 2004077
[1] 2004077
[1] 2004077
[1] 2004077
[1] 2004077
[1] 2004077
[1] 2004077
[1] 2004077
[1] 2004077
[1] 2004077
[1] 2004077
[1] 2004077
[1] 2004077
[1] 2004077
[1] 2004077
[1] 2004077
[1] 2004077
[1] 2004077
[1] 2004077
[1] 2004077
[1] 2004077
[1] 2004077
[1] 2004077
[1] 2004078
[1] 2004078
[1] 2004078
[1] 2004078
[1] 2004078
[1] 2004078
[1] 2004078
[1] 2004078
[1] 2004078
[1] 2004078
[1] 2004078
[1] 2004078
[1] 2004078
[1] 2004078
[1] 2004078
[1] 2004078
[1] 2004078
[1] 2004078
[1] 2004078
[1] 2004078
[1] 2004078
[1] 2004078
[1] 2004078
[1] 2004078
[1] 2004078
[1] 2004078
[1] 2004078
[1] 2004078
[1] 2004078
[1] 2004078
[1] 2004078
[1] 2004078
[1] 2004078
[1] 2004078
[1] 2004078
[1] 2004078
[1] 2004078
[1] 2004078
[1] 2004078
[1] 2004078
[1] 2004078
[1] 2004078
[1] 2004078
[1] 2004078
[1] 2004078
[1] 2004078
[1] 2004078
[1] 2004078
[1] 2004078
[1] 2004078
[1] 2004078
[1] 2004078
[1] 2004078
[1] 2004078
[1] 2004078
[1] 2004078
[1] 2004078
[1] 2004078
[1] 2004078
[1] 2004078
[1] 2004078
[1] 2004078
[1] 2004078
[1] 2004078
[1] 2004078
[1] 2004078
[1] 2004078
[1] 2004079
[1] 2004079
[1] 2004079
[1] 2004079
[1] 2004079
[1] 2004079
[1] 2004079
[1] 2004079
[1] 2004079
[1] 2004079
[1] 2004079
[1] 2004079
[1] 2004079
[1] 2004079
[1] 2004079
[1] 2004079
[1] 2004079
[1] 2004079
[1] 2004079
[1] 2004079
[1] 2004079
[1] 2004079
[1] 2004079
[1] 2004079
[1] 2004079
[1] 2004079
[1] 2004079
[1] 2004079
[1] 2004079
[1] 2004079
[1] 2004079
[1] 2004079
[1] 2004079
[1] 2004079
[1] 2004079
[1] 2004079
[1] 2004079
[1] 2004079
[1] 2004079
[1] 2004079
[1] 2004079
[1] 2004079
[1] 2004079
[1] 2004079
[1] 2004079
[1] 2004079
[1] 2004079
[1] 2004079
[1] 2004079
[1] 2004079
[1] 2004079
[1] 2004079
[1] 2004079
[1] 2004079
[1] 2004079
[1] 2004079
[1] 2004079
[1] 2004079
[1] 2004079
[1] 2004079
[1] 2004079
[1] 2004079
[1] 2004079
[1] 2004079
[1] 2004079
[1] 2004079
[1] 2004079
[1] 2004079
[1] 2004079
[1] 2004079
[1] 2004079
[1] 2004079
[1] 2004079
[1] 2004079
[1] 2004079
[1] 2004079
[1] 2004079
[1] 2004079
[1] 2004079
[1] 2004079
[1] 2004079
[1] 2004080
[1] 2004080
[1] 2004080
[1] 2004080
[1] 2004080
[1] 2004080
[1] 2004080
[1] 2004080
[1] 2004080
[1] 2004080
[1] 2004080
[1] 2004080
[1] 2004080
[1] 2004080
[1] 2004080
[1] 2004080
[1] 2004080
[1] 2004080
[1] 2004080
[1] 2004080
[1] 2004080
[1] 2004080
[1] 2004080
[1] 2004080
[1] 2004080
[1] 2004080
[1] 2004080
[1] 2004080
[1] 2004080
[1] 2004080
[1] 2004080
[1] 2004080
[1] 2004080
[1] 2004080
[1] 2004080
[1] 2004080
[1] 2004080
[1] 2004080
[1] 2004080
[1] 2004080
[1] 2004080
[1] 2004080
[1] 2004080
[1] 2004080
[1] 2004080
[1] 2004080
[1] 2004080
[1] 2004080
[1] 2004080
[1] 2004080
[1] 2004080
[1] 2004080
[1] 2004080
[1] 2004080
[1] 2004080
[1] 2004080
[1] 2004080
[1] 2004080
[1] 2004080
[1] 2004080
[1] 2004080
[1] 2004080
[1] 2004080
[1] 2004080
[1] 2004080
[1] 2004080
[1] 2004080
[1] 2004080
[1] 2004080
[1] 2004080
[1] 2004080
[1] 2004080
[1] 2004080
[1] 2004080
[1] 2004080
[1] 2004080
[1] 2004080
[1] 2004081
[1] 2004081
[1] 2004081
[1] 2004081
[1] 2004081
[1] 2004081
[1] 2004081
[1] 2004081
[1] 2004081
[1] 2004081
[1] 2004081
[1] 2004081
[1] 2004081
[1] 2004081
[1] 2004081
[1] 2004081
[1] 2004081
[1] 2004081
[1] 2004081
[1] 2004081
[1] 2004081
[1] 2004081
[1] 2004081
[1] 2004081
[1] 2004081
[1] 2004081
[1] 2004081
[1] 2004081
[1] 2004081
[1] 2004081
[1] 2004081
[1] 2004081
[1] 2004081
[1] 2004081
[1] 2004081
[1] 2004081
[1] 2004081
[1] 2004081
[1] 2004081
[1] 2004081
[1] 2004081
[1] 2004081
[1] 2004081
[1] 2004081
[1] 2004081
[1] 2004081
[1] 2004081
[1] 2004081
[1] 2004081
[1] 2004081
[1] 2004081
[1] 2004081
[1] 2004081
[1] 2004081
[1] 2004081
[1] 2004081
[1] 2004081
[1] 2004081
[1] 2004081
[1] 2004081
[1] 2004081
[1] 2004081
[1] 2004081
[1] 2004081
[1] 2004081
[1] 2004081
[1] 2004081
[1] 2004081
[1] 2004081
[1] 2004081
[1] 2004081
[1] 2004081
[1] 2004081
[1] 2004081
[1] 2004081
[1] 2004081
[1] 2004081
[1] 2004081
[1] 2004081
[1] 2004081
[1] 2004081
[1] 2004082
[1] 2004082
[1] 2004082
[1] 2004082
[1] 2004082
[1] 2004082
[1] 2004082
[1] 2004082
[1] 2004082
[1] 2004082
[1] 2004082
[1] 2004082
[1] 2004082
[1] 2004082
[1] 2004082
[1] 2004082
[1] 2004082
[1] 2004082
[1] 2004082
[1] 2004082
[1] 2004082
[1] 2004082
[1] 2004082
[1] 2004082
[1] 2004082
[1] 2004082
[1] 2004082
[1] 2004082
[1] 2004082
[1] 2004082
[1] 2004082
[1] 2004082
[1] 2004082
[1] 2004082
[1] 2004082
[1] 2004082
[1] 2004082
[1] 2004082
[1] 2004082
[1] 2004082
[1] 2004082
[1] 2004082
[1] 2004082
[1] 2004082
[1] 2004082
[1] 2004082
[1] 2004082
[1] 2004082
[1] 2004082
[1] 2004082
[1] 2004082
[1] 2004082
[1] 2004082
[1] 2004082
[1] 2004082
[1] 2004082
[1] 2004082
[1] 2004082
[1] 2004082
[1] 2004082
[1] 2004082
[1] 2004082
[1] 2004082
[1] 2004082
[1] 2004082
[1] 2004082
[1] 2004082
[1] 2004082
[1] 2004082
[1] 2004082
[1] 2004082
[1] 2004082
[1] 2004082
[1] 2004082
[1] 2004082
[1] 2004082
[1] 2004082
[1] 2004082
[1] 2004082
[1] 2004082
[1] 2004082
[1] 2004082
[1] 2004082
[1] 2004082
[1] 2004082
[1] 2004082
[1] 2004082
[1] 2004082
[1] 2004082
[1] 2004082
[1] 2004082
[1] 2004082
[1] 2004083
[1] 2004083
[1] 2004083
[1] 2004083
[1] 2004083
[1] 2004083
[1] 2004083
[1] 2004083
[1] 2004083
[1] 2004083
[1] 2004083
[1] 2004083
[1] 2004083
[1] 2004083
[1] 2004083
[1] 2004083
[1] 2004083
[1] 2004083
[1] 2004083
[1] 2004083
[1] 2004083
[1] 2004083
[1] 2004083
[1] 2004083
[1] 2004083
[1] 2004083
[1] 2004083
[1] 2004083
[1] 2004083
[1] 2004083
[1] 2004083
[1] 2004083
[1] 2004083
[1] 2004083
[1] 2004083
[1] 2004083
[1] 2004083
[1] 2004083
[1] 2004083
[1] 2004083
[1] 2004083
[1] 2004083
[1] 2004083
[1] 2004083
[1] 2004083
[1] 2004083
[1] 2004083
[1] 2004083
[1] 2004083
[1] 2004083
[1] 2004083
[1] 2004083
[1] 2004083
[1] 2004083
[1] 2004083
[1] 2004083
[1] 2004083
[1] 2004083
[1] 2004083
[1] 2004083
[1] 2004083
[1] 2004083
[1] 2004083
[1] 2004083
[1] 2004083
[1] 2004083
[1] 2004083
[1] 2004083
[1] 2004083
[1] 2004083
[1] 2004083
[1] 2004083
[1] 2004083
[1] 2004083
[1] 2004083
[1] 2004083
[1] 2004083
[1] 2004083
[1] 2004083
[1] 2004083
[1] 2004083
[1] 2004083
[1] 2004083
[1] 2004083
[1] 2004083
[1] 2004083
[1] 2004083
[1] 2004083
[1] 2004083
[1] 2004083
[1] 2004083
[1] 2004083
[1] 2004083
[1] 2004083
[1] 2004083
[1] 2004083
[1] 2004083
[1] 2004083
[1] 2004083
[1] 2004083
[1] 2004083
[1] 2004083
[1] 2004083
[1] 2004083
[1] 2004083
[1] 2004083
[1] 2004083
[1] 2004083
[1] 2004083
[1] 2004083
[1] 2004083
[1] 2004083
[1] 2004083
[1] 2004083
[1] 2004084
[1] 2004084
[1] 2004084
[1] 2004084
[1] 2004084
[1] 2004084
[1] 2004084
[1] 2004084
[1] 2004084
[1] 2004084
[1] 2004084
[1] 2004084
[1] 2004084
[1] 2004084
[1] 2004084
[1] 2004084
[1] 2004084
[1] 2004084
[1] 2004084
[1] 2004084
[1] 2004084
[1] 2004084
[1] 2004084
[1] 2004084
[1] 2004084
[1] 2004084
[1] 2004084
[1] 2004084
[1] 2004084
[1] 2004084
[1] 2004084
[1] 2004084
[1] 2004084
[1] 2004084
[1] 2004084
[1] 2004084
[1] 2004084
[1] 2004084
[1] 2004084
[1] 2004084
[1] 2004084
[1] 2004084
[1] 2004084
[1] 2004084
[1] 2004084
[1] 2004084
[1] 2004084
[1] 2004084
[1] 2004084
[1] 2004084
[1] 2004084
[1] 2004084
[1] 2004084
[1] 2004084
[1] 2004084
[1] 2004084
[1] 2004084
[1] 2004084
[1] 2004084
[1] 2004084
[1] 2004084
[1] 2004084
[1] 2004084
[1] 2004084
[1] 2004084
[1] 2004084
[1] 2004084
[1] 2004084
[1] 2004084
[1] 2004084
[1] 2004084
[1] 2004084
[1] 2004084
[1] 2004084
[1] 2004084
[1] 2004084
[1] 2004084
[1] 2004084
[1] 2004084
[1] 2004084
[1] 2004084
[1] 2004084
[1] 2004084
[1] 2004084
[1] 2004084
[1] 2004084
[1] 2004084
[1] 2004084
[1] 2004084
[1] 2004084
[1] 2004084
[1] 2004084
[1] 2004084
[1] 2004084
[1] 2004084
[1] 2004084
[1] 2004084
[1] 2004084
[1] 2004084
[1] 2004084
[1] 2004084
[1] 2004084
[1] 2004084
[1] 2004084
[1] 2004084
[1] 2004084
[1] 2004084
[1] 2004084
[1] 2004084
[1] 2004084
[1] 2004084
[1] 2004084
[1] 2004084
[1] 2004084
[1] 2004084
[1] 2004084
[1] 2004084
[1] 2004084
[1] 2004084
[1] 2004084
[1] 2004084
[1] 2004084
[1] 2004084
[1] 2004084
[1] 2004084
[1] 2004084
[1] 2004084
[1] 2004084
[1] 2004084
[1] 2004084
[1] 2004084
[1] 2004084
[1] 2004084
[1] 2004084
[1] 2004084
[1] 2004084
[1] 2004084
[1] 2004084
[1] 2004084
[1] 2004084
[1] 2004084
[1] 2004085
[1] 2004085
[1] 2004085
[1] 2004085
[1] 2004085
[1] 2004085
[1] 2004085
[1] 2004085
[1] 2004085
[1] 2004085
[1] 2004085
[1] 2004085
[1] 2004085
[1] 2004085
[1] 2004085
[1] 2004085
[1] 2004085
[1] 2004085
[1] 2004085
[1] 2004085
[1] 2004085
[1] 2004085
[1] 2004085
[1] 2004085
[1] 2004085
[1] 2004085
[1] 2004085
[1] 2004085
[1] 2004085
[1] 2004085
[1] 2004085
[1] 2004085
[1] 2004085
[1] 2004085
[1] 2004085
[1] 2004085
[1] 2004085
[1] 2004085
[1] 2004085
[1] 2004085
[1] 2004085
[1] 2004085
[1] 2004085
[1] 2004085
[1] 2004085
[1] 2004085
[1] 2004085
[1] 2004085
[1] 2004085
[1] 2004085
[1] 2004085
[1] 2004085
[1] 2004085
[1] 2004085
[1] 2004085
[1] 2004085
[1] 2004085
[1] 2004085
[1] 2004085
[1] 2004085
[1] 2004085
[1] 2004085
[1] 2004085
[1] 2004085
[1] 2004085
[1] 2004085
[1] 2004085
[1] 2004085
[1] 2004085
[1] 2004085
[1] 2004085
[1] 2004085
[1] 2004085
[1] 2004085
[1] 2004085
[1] 2004085
[1] 2004085
[1] 2004085
[1] 2004085
[1] 2004085
[1] 2004085
[1] 2004085
[1] 2004085
[1] 2004085
[1] 2004085
[1] 2004085
[1] 2004085
[1] 2004085
[1] 2004085
[1] 2004085
[1] 2004085
[1] 2004085
[1] 2004085
[1] 2004085
[1] 2004085
[1] 2004085
[1] 2004085
[1] 2004085
[1] 2004085
[1] 2004085
[1] 2004085
[1] 2004085
[1] 2004085
[1] 2004085
[1] 2004085
[1] 2004085
[1] 2004085
[1] 2004085
[1] 2004085
[1] 2004085
[1] 2004085
[1] 2004085
[1] 2004085
[1] 2004085
[1] 2004085
[1] 2004085
[1] 2004085
[1] 2004085
[1] 2004085
[1] 2004085
[1] 2004085
[1] 2004085
[1] 2004085
[1] 2004085
[1] 2004085
[1] 2004085
[1] 2004085
[1] 2004085
[1] 2004085
[1] 2004085
[1] 2004085
[1] 2004085
[1] 2004085
[1] 2004085
[1] 2004085
[1] 2004085
[1] 2004085
[1] 2004085
[1] 2004085
[1] 2004085
[1] 2004085
[1] 2004085
[1] 2004085
[1] 2004085
[1] 2004085
[1] 2004086
[1] 2004086
[1] 2004086
[1] 2004086
[1] 2004086
[1] 2004086
[1] 2004086
[1] 2004086
[1] 2004086
[1] 2004086
[1] 2004086
[1] 2004086
[1] 2004086
[1] 2004086
[1] 2004086
[1] 2004086
[1] 2004086
[1] 2004086
[1] 2004086
[1] 2004086
[1] 2004086
[1] 2004086
[1] 2004086
[1] 2004086
[1] 2004086
[1] 2004086
[1] 2004086
[1] 2004086
[1] 2004086
[1] 2004086
[1] 2004086
[1] 2004086
[1] 2004086
[1] 2004086
[1] 2004086
[1] 2004086
[1] 2004086
[1] 2004086
[1] 2004086
[1] 2004086
[1] 2004086
[1] 2004086
[1] 2004086
[1] 2004086
[1] 2004086
[1] 2004086
[1] 2004086
[1] 2004086
[1] 2004086
[1] 2004086
[1] 2004086
[1] 2004086
[1] 2004086
[1] 2004086
[1] 2004086
[1] 2004086
[1] 2004086
[1] 2004086
[1] 2004086
[1] 2004086
[1] 2004086
[1] 2004086
[1] 2004086
[1] 2004086
[1] 2004086
[1] 2004086
[1] 2004086
[1] 2004086
[1] 2004086
[1] 2004086
[1] 2004086
[1] 2004086
[1] 2004086
[1] 2004086
[1] 2004086
[1] 2004086
[1] 2004086
[1] 2004086
[1] 2004086
[1] 2004086
[1] 2004086
[1] 2004086
[1] 2004086
[1] 2004086
[1] 2004086
[1] 2004086
[1] 2004086
[1] 2004086
[1] 2004086
[1] 2004086
[1] 2004086
[1] 2004086
[1] 2004086
[1] 2004086
[1] 2004086
[1] 2004086
[1] 2004086
[1] 2004086
[1] 2004086
[1] 2004086
[1] 2004086
[1] 2004086
[1] 2004086
[1] 2004086
[1] 2004086
[1] 2004086
[1] 2004086
[1] 2004086
[1] 2004086
[1] 2004086
[1] 2004086
[1] 2004086
[1] 2004086
[1] 2004086
[1] 2004086
[1] 2004086
[1] 2004086
[1] 2004086
[1] 2004086
[1] 2004086
[1] 2004086
[1] 2004086
[1] 2004086
[1] 2004086
[1] 2004086
[1] 2004086
[1] 2004086
[1] 2004086
[1] 2004086
[1] 2004086
[1] 2004086
[1] 2004086
[1] 2004086
[1] 2004086
[1] 2004086
[1] 2004086
[1] 2004086
[1] 2004086
[1] 2004086
[1] 2004086
[1] 2004086
[1] 2004086
[1] 2004087
[1] 2004087
[1] 2004087
[1] 2004087
[1] 2004087
[1] 2004087
[1] 2004087
[1] 2004087
[1] 2004087
[1] 2004087
[1] 2004087
[1] 2004087
[1] 2004087
[1] 2004087
[1] 2004087
[1] 2004087
[1] 2004087
[1] 2004087
[1] 2004087
[1] 2004087
[1] 2004087
[1] 2004087
[1] 2004087
[1] 2004087
[1] 2004087
[1] 2004087
[1] 2004087
[1] 2004087
[1] 2004087
[1] 2004087
[1] 2004087
[1] 2004087
[1] 2004087
[1] 2004087
[1] 2004087
[1] 2004087
[1] 2004087
[1] 2004087
[1] 2004087
[1] 2004087
[1] 2004087
[1] 2004087
[1] 2004087
[1] 2004087
[1] 2004087
[1] 2004087
[1] 2004087
[1] 2004087
[1] 2004087
[1] 2004087
[1] 2004087
[1] 2004087
[1] 2004087
[1] 2004087
[1] 2004087
[1] 2004087
[1] 2004087
[1] 2004087
[1] 2004087
[1] 2004087
[1] 2004087
[1] 2004087
[1] 2004087
[1] 2004087
[1] 2004087
[1] 2004087
[1] 2004087
[1] 2004087
[1] 2004087
[1] 2004087
[1] 2004087
[1] 2004087
[1] 2004087
[1] 2004087
[1] 2004087
[1] 2004087
[1] 2004087
[1] 2004087
[1] 2004087
[1] 2004087
[1] 2004087
[1] 2004087
[1] 2004087
[1] 2004087
[1] 2004087
[1] 2004087
[1] 2004087
[1] 2004087
[1] 2004087
[1] 2004087
[1] 2004087
[1] 2004087
[1] 2004087
[1] 2004087
[1] 2004087
[1] 2004087
[1] 2004087
[1] 2004087
[1] 2004087
[1] 2004087
[1] 2004087
[1] 2004087
[1] 2004087
[1] 2004087
[1] 2004087
[1] 2004087
[1] 2004087
[1] 2004087
[1] 2004087
[1] 2004087
[1] 2004087
[1] 2004087
[1] 2004087
[1] 2004087
[1] 2004087
[1] 2004087
[1] 2004087
[1] 2004087
[1] 2004087
[1] 2004087
[1] 2004087
[1] 2004087
[1] 2004087
[1] 2004087
[1] 2004087
[1] 2004087
[1] 2004087
[1] 2004087
[1] 2004087
[1] 2004087
[1] 2004087
[1] 2004087
[1] 2004087
[1] 2004087
[1] 2004087
[1] 2004087
[1] 2004087
[1] 2004087
[1] 2004087
[1] 2004087
[1] 2004087
[1] 2004087
[1] 2004087
[1] 2004087
[1] 2004087
[1] 2004087
[1] 2004087
[1] 2004087
[1] 2004087
[1] 2004087
[1] 2004087
[1] 2004087
[1] 2004087
[1] 2004087
[1] 2004087
[1] 2004087
[1] 2004087
[1] 2004087
[1] 2004087
[1] 2004087
[1] 2004087
[1] 2004088
[1] 2004088
[1] 2004088
[1] 2004088
[1] 2004088
[1] 2004088
[1] 2004088
[1] 2004088
[1] 2004088
[1] 2004088
[1] 2004088
[1] 2004088
[1] 2004088
[1] 2004088
[1] 2004088
[1] 2004088
[1] 2004088
[1] 2004088
[1] 2004088
[1] 2004088
[1] 2004088
[1] 2004088
[1] 2004088
[1] 2004088
[1] 2004088
[1] 2004088
[1] 2004088
[1] 2004088
[1] 2004088
[1] 2004088
[1] 2004088
[1] 2004088
[1] 2004088
[1] 2004088
[1] 2004088
[1] 2004088
[1] 2004088
[1] 2004088
[1] 2004088
[1] 2004088
[1] 2004088
[1] 2004088
[1] 2004088
[1] 2004088
[1] 2004088
[1] 2004088
[1] 2004088
[1] 2004088
[1] 2004088
[1] 2004088
[1] 2004088
[1] 2004088
[1] 2004088
[1] 2004088
[1] 2004088
[1] 2004088
[1] 2004088
[1] 2004088
[1] 2004088
[1] 2004088
[1] 2004088
[1] 2004088
[1] 2004088
[1] 2004088
[1] 2004088
[1] 2004088
[1] 2004088
[1] 2004088
[1] 2004088
[1] 2004088
[1] 2004088
[1] 2004088
[1] 2004088
[1] 2004088
[1] 2004088
[1] 2004088
[1] 2004088
[1] 2004088
[1] 2004088
[1] 2004088
[1] 2004088
[1] 2004088
[1] 2004088
[1] 2004088
[1] 2004088
[1] 2004088
[1] 2004088
[1] 2004088
[1] 2004088
[1] 2004088
[1] 2004088
[1] 2004088
[1] 2004088
[1] 2004088
[1] 2004088
[1] 2004088
[1] 2004088
[1] 2004088
[1] 2004088
[1] 2004088
[1] 2004088
[1] 2004088
[1] 2004088
[1] 2004088
[1] 2004088
[1] 2004088
[1] 2004088
[1] 2004088
[1] 2004088
[1] 2004088
[1] 2004088
[1] 2004088
[1] 2004088
[1] 2004088
[1] 2004088
[1] 2004088
[1] 2004088
[1] 2004088
[1] 2004088
[1] 2004088
[1] 2004088
[1] 2004088
[1] 2004088
[1] 2004088
[1] 2004088
[1] 2004088
[1] 2004088
[1] 2004088
[1] 2004088
[1] 2004088
[1] 2004088
[1] 2004088
[1] 2004088
[1] 2004088
[1] 2004088
[1] 2004088
[1] 2004088
[1] 2004088
[1] 2004088
[1] 2004088
[1] 2004088
[1] 2004088
[1] 2004088
[1] 2004088
[1] 2004088
[1] 2004088
[1] 2004088
[1] 2004088
[1] 2004088
[1] 2004088
[1] 2004088
[1] 2004088
[1] 2004088
[1] 2004088
[1] 2004088
[1] 2004088
[1] 2004088
[1] 2004088
[1] 2004088
[1] 2004088
[1] 2004088
[1] 2004088
[1] 2004088
[1] 2004088
[1] 2004088
[1] 2004088
[1] 2004088
[1] 2004088
[1] 2004088
[1] 2004088
[1] 2004088
[1] 2004088
[1] 2004088
[1] 2004089
[1] 2004089
[1] 2004089
[1] 2004089
[1] 2004089
[1] 2004089
[1] 2004089
[1] 2004089
[1] 2004089
[1] 2004089
[1] 2004089
[1] 2004089
[1] 2004089
[1] 2004089
[1] 2004089
[1] 2004089
[1] 2004089
[1] 2004089
[1] 2004089
[1] 2004089
[1] 2004089
[1] 2004089
[1] 2004089
[1] 2004089
[1] 2004089
[1] 2004089
[1] 2004089
[1] 2004089
[1] 2004089
[1] 2004089
[1] 2004089
[1] 2004089
[1] 2004089
[1] 2004089
[1] 2004089
[1] 2004089
[1] 2004089
[1] 2004089
[1] 2004089
[1] 2004089
[1] 2004089
[1] 2004089
[1] 2004089
[1] 2004089
[1] 2004089
[1] 2004089
[1] 2004089
[1] 2004089
[1] 2004089
[1] 2004089
[1] 2004089
[1] 2004089
[1] 2004089
[1] 2004089
[1] 2004089
[1] 2004089
[1] 2004089
[1] 2004089
[1] 2004089
[1] 2004089
[1] 2004089
[1] 2004089
[1] 2004089
[1] 2004089
[1] 2004089
[1] 2004089
[1] 2004089
[1] 2004089
[1] 2004089
[1] 2004089
[1] 2004089
[1] 2004089
[1] 2004089
[1] 2004089
[1] 2004089
[1] 2004089
[1] 2004089
[1] 2004089
[1] 2004089
[1] 2004089
[1] 2004089
[1] 2004089
[1] 2004089
[1] 2004089
[1] 2004089
[1] 2004089
[1] 2004089
[1] 2004089
[1] 2004089
[1] 2004089
[1] 2004089
[1] 2004089
[1] 2004089
[1] 2004089
[1] 2004089
[1] 2004089
[1] 2004089
[1] 2004089
[1] 2004089
[1] 2004089
[1] 2004089
[1] 2004089
[1] 2004089
[1] 2004089
[1] 2004089
[1] 2004089
[1] 2004089
[1] 2004089
[1] 2004089
[1] 2004089
[1] 2004089
[1] 2004089
[1] 2004089
[1] 2004089
[1] 2004089
[1] 2004089
[1] 2004089
[1] 2004089
[1] 2004089
[1] 2004089
[1] 2004089
[1] 2004089
[1] 2004089
[1] 2004089
[1] 2004089
[1] 2004089
[1] 2004089
[1] 2004089
[1] 2004089
[1] 2004089
[1] 2004089
[1] 2004089
[1] 2004089
[1] 2004089
[1] 2004089
[1] 2004089
[1] 2004089
[1] 2004090
[1] 2004090
[1] 2004090
[1] 2004090
[1] 2004090
[1] 2004090
[1] 2004090
[1] 2004090
[1] 2004090
[1] 2004090
[1] 2004090
[1] 2004090
[1] 2004090
[1] 2004090
[1] 2004090
[1] 2004090
[1] 2004090
[1] 2004090
[1] 2004090
[1] 2004090
[1] 2004090
[1] 2004090
[1] 2004090
[1] 2004090
[1] 2004090
[1] 2004090
[1] 2004090
[1] 2004090
[1] 2004090
[1] 2004090
[1] 2004090
[1] 2004090
[1] 2004090
[1] 2004090
[1] 2004090
[1] 2004090
[1] 2004090
[1] 2004090
[1] 2004090
[1] 2004090
[1] 2004090
[1] 2004090
[1] 2004090
[1] 2004090
[1] 2004090
[1] 2004090
[1] 2004090
[1] 2004090
[1] 2004090
[1] 2004090
[1] 2004090
[1] 2004090
[1] 2004090
[1] 2004090
[1] 2004090
[1] 2004090
[1] 2004090
[1] 2004090
[1] 2004090
[1] 2004090
[1] 2004090
[1] 2004090
[1] 2004090
[1] 2004090
[1] 2004090
[1] 2004090
[1] 2004090
[1] 2004090
[1] 2004090
[1] 2004090
[1] 2004090
[1] 2004090
[1] 2004090
[1] 2004090
[1] 2004090
[1] 2004090
[1] 2004090
[1] 2004090
[1] 2004090
[1] 2004090
[1] 2004090
[1] 2004090
[1] 2004090
[1] 2004090
[1] 2004090
[1] 2004090
[1] 2004090
[1] 2004090
[1] 2004090
[1] 2004090
[1] 2004090
[1] 2004090
[1] 2004090
[1] 2004090
[1] 2004090
[1] 2004090
[1] 2004090
[1] 2004090
[1] 2004090
[1] 2004090
[1] 2004090
[1] 2004090
[1] 2004090
[1] 2004090
[1] 2004090
[1] 2004090
[1] 2004090
[1] 2004090
[1] 2004090
[1] 2004090
[1] 2004090
[1] 2004090
[1] 2004090
[1] 2004090
[1] 2004090
[1] 2004090
[1] 2004090
[1] 2004090
[1] 2004090
[1] 2004090
[1] 2004090
[1] 2004090
[1] 2004090
[1] 2004090
[1] 2004090
[1] 2004090
[1] 2004090
[1] 2004090
[1] 2004091
[1] 2004091
[1] 2004091
[1] 2004091
[1] 2004091
[1] 2004091
[1] 2004091
[1] 2004091
[1] 2004091
[1] 2004091
[1] 2004091
[1] 2004091
[1] 2004091
[1] 2004091
[1] 2004091
[1] 2004091
[1] 2004091
[1] 2004091
[1] 2004091
[1] 2004091
[1] 2004091
[1] 2004091
[1] 2004091
[1] 2004091
[1] 2004091
[1] 2004091
[1] 2004091
[1] 2004091
[1] 2004091
[1] 2004091
[1] 2004091
[1] 2004091
[1] 2004091
[1] 2004091
[1] 2004091
[1] 2004091
[1] 2004091
[1] 2004091
[1] 2004091
[1] 2004091
[1] 2004091
[1] 2004091
[1] 2004091
[1] 2004091
[1] 2004091
[1] 2004091
[1] 2004091
[1] 2004091
[1] 2004091
[1] 2004091
[1] 2004091
[1] 2004091
[1] 2004091
[1] 2004091
[1] 2004091
[1] 2004091
[1] 2004091
[1] 2004091
[1] 2004091
[1] 2004091
[1] 2004091
[1] 2004091
[1] 2004091
[1] 2004091
[1] 2004091
[1] 2004091
[1] 2004091
[1] 2004091
[1] 2004091
[1] 2004091
[1] 2004091
[1] 2004091
[1] 2004091
[1] 2004091
[1] 2004091
[1] 2004091
[1] 2004091
[1] 2004091
[1] 2004091
[1] 2004091
[1] 2004091
[1] 2004091
[1] 2004091
[1] 2004091
[1] 2004091
[1] 2004091
[1] 2004091
[1] 2004091
[1] 2004091
[1] 2004091
[1] 2004091
[1] 2004091
[1] 2004091
[1] 2004091
[1] 2004091
[1] 2004091
[1] 2004091
[1] 2004091
[1] 2004091
[1] 2004091
[1] 2004091
[1] 2004091
[1] 2004091
[1] 2004091
[1] 2004091
[1] 2004091
[1] 2004091
[1] 2004091
[1] 2004091
[1] 2004091
[1] 2004091
[1] 2004091
[1] 2004091
[1] 2004091
[1] 2004091
[1] 2004091
[1] 2004091
[1] 2004091
[1] 2004091
[1] 2004091
[1] 2004091
[1] 2004091
[1] 2004091
[1] 2004091
[1] 2004091
[1] 2004091
[1] 2004091
[1] 2004091
[1] 2004091
[1] 2004091
[1] 2004091
[1] 2004091
[1] 2004091
[1] 2004091
[1] 2004091
[1] 2004091
[1] 2004091
[1] 2004091
[1] 2004091
[1] 2004091
[1] 2004091
[1] 2004091
[1] 2004091
[1] 2004091
[1] 2004091
[1] 2004091
[1] 2004091
[1] 2004091
[1] 2004092
[1] 2004092
[1] 2004092
[1] 2004092
[1] 2004092
[1] 2004092
[1] 2004092
[1] 2004092
[1] 2004092
[1] 2004092
[1] 2004092
[1] 2004092
[1] 2004092
[1] 2004092
[1] 2004092
[1] 2004092
[1] 2004092
[1] 2004092
[1] 2004092
[1] 2004092
[1] 2004092
[1] 2004092
[1] 2004092
[1] 2004092
[1] 2004092
[1] 2004092
[1] 2004092
[1] 2004092
[1] 2004092
[1] 2004092
[1] 2004092
[1] 2004092
[1] 2004092
[1] 2004092
[1] 2004092
[1] 2004092
[1] 2004092
[1] 2004092
[1] 2004092
[1] 2004092
[1] 2004092
[1] 2004092
[1] 2004092
[1] 2004092
[1] 2004092
[1] 2004092
[1] 2004092
[1] 2004092
[1] 2004092
[1] 2004092
[1] 2004092
[1] 2004092
[1] 2004092
[1] 2004092
[1] 2004092
[1] 2004092
[1] 2004092
[1] 2004092
[1] 2004092
[1] 2004092
[1] 2004092
[1] 2004092
[1] 2004092
[1] 2004092
[1] 2004092
[1] 2004092
[1] 2004092
[1] 2004092
[1] 2004092
[1] 2004092
[1] 2004092
[1] 2004092
[1] 2004092
[1] 2004092
[1] 2004092
[1] 2004092
[1] 2004092
[1] 2004092
[1] 2004092
[1] 2004092
[1] 2004092
[1] 2004092
[1] 2004092
[1] 2004092
[1] 2004092
[1] 2004092
[1] 2004092
[1] 2004092
[1] 2004092
[1] 2004092
[1] 2004092
[1] 2004092
[1] 2004092
[1] 2004092
[1] 2004092
[1] 2004092
[1] 2004092
[1] 2004092
[1] 2004092
[1] 2004092
[1] 2004092
[1] 2004092
[1] 2004092
[1] 2004092
[1] 2004092
[1] 2004092
[1] 2004092
[1] 2004092
[1] 2004092
[1] 2004092
[1] 2004092
[1] 2004092
[1] 2004092
[1] 2004092
[1] 2004092
[1] 2004092
[1] 2004092
[1] 2004092
[1] 2004092
[1] 2004092
[1] 2004092
[1] 2004092
[1] 2004092
[1] 2004092
[1] 2004092
[1] 2004092
[1] 2004092
[1] 2004092
[1] 2004092
[1] 2004092
[1] 2004092
[1] 2004093
[1] 2004093
[1] 2004093
[1] 2004093
[1] 2004093
[1] 2004093
[1] 2004093
[1] 2004093
[1] 2004093
[1] 2004093
[1] 2004093
[1] 2004093
[1] 2004093
[1] 2004093
[1] 2004093
[1] 2004093
[1] 2004093
[1] 2004093
[1] 2004093
[1] 2004093
[1] 2004093
[1] 2004093
[1] 2004093
[1] 2004093
[1] 2004093
[1] 2004093
[1] 2004093
[1] 2004093
[1] 2004093
[1] 2004093
[1] 2004093
[1] 2004093
[1] 2004093
[1] 2004093
[1] 2004093
[1] 2004093
[1] 2004093
[1] 2004093
[1] 2004093
[1] 2004093
[1] 2004093
[1] 2004093
[1] 2004093
[1] 2004093
[1] 2004093
[1] 2004093
[1] 2004093
[1] 2004093
[1] 2004093
[1] 2004093
[1] 2004093
[1] 2004093
[1] 2004093
[1] 2004093
[1] 2004093
[1] 2004093
[1] 2004093
[1] 2004093
[1] 2004093
[1] 2004093
[1] 2004093
[1] 2004093
[1] 2004093
[1] 2004093
[1] 2004093
[1] 2004093
[1] 2004093
[1] 2004093
[1] 2004093
[1] 2004093
[1] 2004093
[1] 2004093
[1] 2004093
[1] 2004093
[1] 2004093
[1] 2004093
[1] 2004093
[1] 2004093
[1] 2004093
[1] 2004093
[1] 2004093
[1] 2004093
[1] 2004093
[1] 2004093
[1] 2004093
[1] 2004093
[1] 2004093
[1] 2004093
[1] 2004093
[1] 2004093
[1] 2004093
[1] 2004093
[1] 2004093
[1] 2004093
[1] 2004093
[1] 2004093
[1] 2004093
[1] 2004093
[1] 2004093
[1] 2004093
[1] 2004093
[1] 2004093
[1] 2004093
[1] 2004093
[1] 2004093
[1] 2004093
[1] 2004093
[1] 2004093
[1] 2004093
[1] 2004093
[1] 2004093
[1] 2004093
[1] 2004093
[1] 2004093
[1] 2004093
[1] 2004093
[1] 2004093
[1] 2004093
[1] 2004093
[1] 2004093
[1] 2004093
[1] 2004093
[1] 2004093
[1] 2004093
[1] 2004093
[1] 2004093
[1] 2004093
[1] 2004093
[1] 2004093
[1] 2004093
[1] 2004093
[1] 2004093
[1] 2004093
[1] 2004093
[1] 2004093
[1] 2004093
[1] 2004093
[1] 2004093
[1] 2004093
[1] 2004093
[1] 2004094
[1] 2004094
[1] 2004094
[1] 2004094
[1] 2004094
[1] 2004094
[1] 2004094
[1] 2004094
[1] 2004094
[1] 2004094
[1] 2004094
[1] 2004094
[1] 2004094
[1] 2004094
[1] 2004094
[1] 2004094
[1] 2004094
[1] 2004094
[1] 2004094
[1] 2004094
[1] 2004094
[1] 2004094
[1] 2004094
[1] 2004094
[1] 2004094
[1] 2004094
[1] 2004094
[1] 2004094
[1] 2004094
[1] 2004094
[1] 2004094
[1] 2004094
[1] 2004094
[1] 2004094
[1] 2004094
[1] 2004094
[1] 2004094
[1] 2004094
[1] 2004094
[1] 2004094
[1] 2004094
[1] 2004094
[1] 2004094
[1] 2004094
[1] 2004094
[1] 2004094
[1] 2004094
[1] 2004094
[1] 2004094
[1] 2004094
[1] 2004094
[1] 2004094
[1] 2004094
[1] 2004094
[1] 2004094
[1] 2004094
[1] 2004094
[1] 2004094
[1] 2004094
[1] 2004094
[1] 2004094
[1] 2004094
[1] 2004094
[1] 2004094
[1] 2004094
[1] 2004094
[1] 2004094
[1] 2004094
[1] 2004094
[1] 2004094
[1] 2004094
[1] 2004094
[1] 2004094
[1] 2004094
[1] 2004094
[1] 2004094
[1] 2004094
[1] 2004094
[1] 2004094
[1] 2004094
[1] 2004094
[1] 2004094
[1] 2004094
[1] 2004094
[1] 2004094
[1] 2004094
[1] 2004094
[1] 2004094
[1] 2004094
[1] 2004094
[1] 2004094
[1] 2004094
[1] 2004094
[1] 2004094
[1] 2004094
[1] 2004094
[1] 2004094
[1] 2004094
[1] 2004094
[1] 2004094
[1] 2004094
[1] 2004094
[1] 2004094
[1] 2004094
[1] 2004094
[1] 2004094
[1] 2004094
[1] 2004094
[1] 2004094
[1] 2004094
[1] 2004094
[1] 2004094
[1] 2004094
[1] 2004094
[1] 2004094
[1] 2004094
[1] 2004094
[1] 2004094
[1] 2004094
[1] 2004094
[1] 2004094
[1] 2004094
[1] 2004094
[1] 2004094
[1] 2004094
[1] 2004094
[1] 2004094
[1] 2004094
[1] 2004094
[1] 2004094
[1] 2004094
[1] 2004094
[1] 2004094
[1] 2004094
[1] 2004094
[1] 2004094
[1] 2004094
[1] 2004094
[1] 2004094
[1] 2004094
[1] 2004094
[1] 2004094
[1] 2004094
[1] 2004094
[1] 2004094
[1] 2004094
[1] 2004094
[1] 2004094
[1] 2004094
[1] 2004094
[1] 2004094
[1] 2004094
[1] 2004094
[1] 2004094
[1] 2004094
[1] 2004094
[1] 2004094
[1] 2004094
[1] 2004094
[1] 2004094
[1] 2004094
[1] 2004094
[1] 2004094
[1] 2004094
[1] 2004094
[1] 2004094
[1] 2004095
[1] 2004095
[1] 2004095
[1] 2004095
[1] 2004095
[1] 2004095
[1] 2004095
[1] 2004095
[1] 2004095
[1] 2004095
[1] 2004095
[1] 2004095
[1] 2004095
[1] 2004095
[1] 2004095
[1] 2004095
[1] 2004095
[1] 2004095
[1] 2004095
[1] 2004095
[1] 2004095
[1] 2004095
[1] 2004095
[1] 2004095
[1] 2004095
[1] 2004095
[1] 2004095
[1] 2004095
[1] 2004095
[1] 2004095
[1] 2004095
[1] 2004095
[1] 2004095
[1] 2004095
[1] 2004095
[1] 2004095
[1] 2004095
[1] 2004095
[1] 2004095
[1] 2004095
[1] 2004095
[1] 2004095
[1] 2004095
[1] 2004095
[1] 2004095
[1] 2004095
[1] 2004095
[1] 2004095
[1] 2004095
[1] 2004095
[1] 2004095
[1] 2004095
[1] 2004095
[1] 2004095
[1] 2004095
[1] 2004095
[1] 2004095
[1] 2004095
[1] 2004095
[1] 2004095
[1] 2004095
[1] 2004095
[1] 2004095
[1] 2004095
[1] 2004095
[1] 2004095
[1] 2004095
[1] 2004095
[1] 2004095
[1] 2004095
[1] 2004095
[1] 2004095
[1] 2004095
[1] 2004095
[1] 2004095
[1] 2004095
[1] 2004095
[1] 2004095
[1] 2004095
[1] 2004095
[1] 2004095
[1] 2004095
[1] 2004095
[1] 2004095
[1] 2004095
[1] 2004095
[1] 2004095
[1] 2004095
[1] 2004095
[1] 2004095
[1] 2004095
[1] 2004095
[1] 2004095
[1] 2004095
[1] 2004095
[1] 2004095
[1] 2004095
[1] 2004095
[1] 2004095
[1] 2004095
[1] 2004095
[1] 2004095
[1] 2004095
[1] 2004095
[1] 2004095
[1] 2004095
[1] 2004095
[1] 2004095
[1] 2004095
[1] 2004095
[1] 2004095
[1] 2004095
[1] 2004095
[1] 2004095
[1] 2004095
[1] 2004095
[1] 2004095
[1] 2004095
[1] 2004095
[1] 2004095
[1] 2004095
[1] 2004095
[1] 2004095
[1] 2004095
[1] 2004095
[1] 2004095
[1] 2004095
[1] 2004095
[1] 2004095
[1] 2004095
[1] 2004095
[1] 2004095
[1] 2004095
[1] 2004095
[1] 2004095
[1] 2004095
[1] 2004095
[1] 2004095
[1] 2004095
[1] 2004095
[1] 2004095
[1] 2004095
[1] 2004095
[1] 2004095
[1] 2004095
[1] 2004095
[1] 2004095
[1] 2004095
[1] 2004095
[1] 2004095
[1] 2004095
[1] 2004095
[1] 2004095
[1] 2004095
[1] 2004095
[1] 2004095
[1] 2004095
[1] 2004095
[1] 2004095
[1] 2004095
[1] 2004095
[1] 2004095
[1] 2004095
[1] 2004095
[1] 2004095
[1] 2004095
[1] 2004095
[1] 2004095
[1] 2004095
[1] 2004095
[1] 2004095
[1] 2004095
[1] 2004095
[1] 2004095
[1] 2004095
[1] 2004095
[1] 2004095
[1] 2004095
[1] 2004095
[1] 2004095
[1] 2004095
[1] 2004095
[1] 2004095
[1] 2004095
[1] 2004095
[1] 2004095
[1] 2004095
[1] 2004095
[1] 2004095
[1] 2004095
[1] 2004095
[1] 2004095
[1] 2004095
[1] 2004095
[1] 2004095
[1] 2004095
[1] 2004095
[1] 2004095
[1] 2004095
[1] 2004095
[1] 2004095
[1] 2004095
[1] 2004095
[1] 2004095
[1] 2004095
[1] 2004095
[1] 2004095
[1] 2004095
[1] 2004095
[1] 2004095
[1] 2004095
[1] 2004095
[1] 2004095
[1] 2004095
[1] 2004095
[1] 2004095
[1] 2004095
[1] 2004095
[1] 2004095
[1] 2004095
[1] 2004095
[1] 2004095
[1] 2004095
[1] 2004096
[1] 2004096
[1] 2004096
[1] 2004096
[1] 2004096
[1] 2004096
[1] 2004096
[1] 2004096
[1] 2004096
[1] 2004096
[1] 2004096
[1] 2004096
[1] 2004096
[1] 2004096
[1] 2004096
[1] 2004096
[1] 2004096
[1] 2004096
[1] 2004096
[1] 2004096
[1] 2004096
[1] 2004096
[1] 2004096
[1] 2004096
[1] 2004096
[1] 2004096
[1] 2004096
[1] 2004096
[1] 2004096
[1] 2004096
[1] 2004096
[1] 2004096
[1] 2004096
[1] 2004096
[1] 2004096
[1] 2004096
[1] 2004096
[1] 2004096
[1] 2004096
[1] 2004096
[1] 2004096
[1] 2004096
[1] 2004096
[1] 2004096
[1] 2004096
[1] 2004096
[1] 2004096
[1] 2004096
[1] 2004096
[1] 2004096
[1] 2004096
[1] 2004096
[1] 2004096
[1] 2004096
[1] 2004096
[1] 2004096
[1] 2004096
[1] 2004096
[1] 2004096
[1] 2004096
[1] 2004096
[1] 2004096
[1] 2004096
[1] 2004096
[1] 2004096
[1] 2004096
[1] 2004096
[1] 2004096
[1] 2004096
[1] 2004096
[1] 2004096
[1] 2004096
[1] 2004096
[1] 2004096
[1] 2004096
[1] 2004096
[1] 2004096
[1] 2004096
[1] 2004096
[1] 2004096
[1] 2004096
[1] 2004096
[1] 2004096
[1] 2004096
[1] 2004096
[1] 2004096
[1] 2004096
[1] 2004096
[1] 2004096
[1] 2004096
[1] 2004096
[1] 2004096
[1] 2004096
[1] 2004096
[1] 2004096
[1] 2004096
[1] 2004096
[1] 2004096
[1] 2004096
[1] 2004096
[1] 2004096
[1] 2004096
[1] 2004096
[1] 2004096
[1] 2004096
[1] 2004096
[1] 2004096
[1] 2004096
[1] 2004096
[1] 2004096
[1] 2004096
[1] 2004096
[1] 2004096
[1] 2004096
[1] 2004096
[1] 2004096
[1] 2004096
[1] 2004096
[1] 2004096
[1] 2004096
[1] 2004096
[1] 2004096
[1] 2004096
[1] 2004096
[1] 2004096
[1] 2004096
[1] 2004096
[1] 2004096
[1] 2004096
[1] 2004096
[1] 2004096
[1] 2004096
[1] 2004096
[1] 2004096
[1] 2004096
[1] 2004096
[1] 2004096
[1] 2004096
[1] 2004096
[1] 2004096
[1] 2004096
[1] 2004096
[1] 2004096
[1] 2004096
[1] 2004096
[1] 2004096
[1] 2004096
[1] 2004096
[1] 2004096
[1] 2004096
[1] 2004096
[1] 2004096
[1] 2004096
[1] 2004096
[1] 2004096
[1] 2004096
[1] 2004096
[1] 2004096
[1] 2004096
[1] 2004096
[1] 2004096
[1] 2004096
[1] 2004096
[1] 2004096
[1] 2004096
[1] 2004096
[1] 2004096
[1] 2004096
[1] 2004096
[1] 2004096
[1] 2004096
[1] 2004096
[1] 2004096
[1] 2004096
[1] 2004096
[1] 2004096
[1] 2004096
[1] 2004096
[1] 2004096
[1] 2004096
[1] 2004096
[1] 2004096
[1] 2004096
[1] 2004096
[1] 2004096
[1] 2004096
[1] 2004096
[1] 2004096
[1] 2004096
[1] 2004096
[1] 2004096
[1] 2004096
[1] 2004096
[1] 2004096
[1] 2004096
[1] 2004096
[1] 2004096
[1] 2004096
[1] 2004096
[1] 2004096
[1] 2004096
[1] 2004096
[1] 2004096
[1] 2004096
[1] 2004096
[1] 2004096
[1] 2004096
[1] 2004096
[1] 2004096
[1] 2004096
[1] 2004096
[1] 2004096
[1] 2004096
[1] 2004096
[1] 2004096
[1] 2004096
[1] 2004096
[1] 2004096
[1] 2004096
[1] 2004096
[1] 2004096
[1] 2004096
[1] 2004096
[1] 2004096
[1] 2004096
[1] 2004096
[1] 2004096
[1] 2004096
[1] 2004096
[1] 2004096
[1] 2004096
[1] 2004096
[1] 2004096
[1] 2004096
[1] 2004096
[1] 2004096
[1] 2004096
[1] 2004096
[1] 2004096
[1] 2004096
[1] 2004096
[1] 2004096
[1] 2004096
[1] 2004096
[1] 2004096
[1] 2004096
[1] 2004096
[1] 2004096
[1] 2004096
[1] 2004096
[1] 2004096
[1] 2004096
[1] 2004096
[1] 2004096
[1] 2004096
[1] 2004096
[1] 2004096
[1] 2004096
[1] 2004096
[1] 2004096
[1] 2004096
[1] 2004096
[1] 2004096
[1] 2004096
[1] 2004096
[1] 2004096
[1] 2004096
[1] 2004096
[1] 2004096
[1] 2004096
[1] 2004096
[1] 2004096
[1] 2004096
[1] 2004097
[1] 2004097
[1] 2004097
[1] 2004097
[1] 2004097
[1] 2004097
[1] 2004097
[1] 2004097
[1] 2004097
[1] 2004097
[1] 2004097
[1] 2004097
[1] 2004097
[1] 2004097
[1] 2004097
[1] 2004097
[1] 2004097
[1] 2004097
[1] 2004097
[1] 2004097
[1] 2004097
[1] 2004097
[1] 2004097
[1] 2004097
[1] 2004097
[1] 2004097
[1] 2004097
[1] 2004097
[1] 2004097
[1] 2004097
[1] 2004097
[1] 2004097
[1] 2004097
[1] 2004097
[1] 2004097
[1] 2004097
[1] 2004097
[1] 2004097
[1] 2004097
[1] 2004097
[1] 2004097
[1] 2004097
[1] 2004097
[1] 2004097
[1] 2004097
[1] 2004097
[1] 2004097
[1] 2004097
[1] 2004097
[1] 2004097
[1] 2004097
[1] 2004097
[1] 2004097
[1] 2004097
[1] 2004097
[1] 2004097
[1] 2004097
[1] 2004097
[1] 2004097
[1] 2004097
[1] 2004097
[1] 2004097
[1] 2004097
[1] 2004097
[1] 2004097
[1] 2004097
[1] 2004097
[1] 2004097
[1] 2004097
[1] 2004097
[1] 2004097
[1] 2004097
[1] 2004097
[1] 2004097
[1] 2004097
[1] 2004097
[1] 2004097
[1] 2004097
[1] 2004097
[1] 2004097
[1] 2004097
[1] 2004097
[1] 2004097
[1] 2004097
[1] 2004097
[1] 2004097
[1] 2004097
[1] 2004097
[1] 2004097
[1] 2004097
[1] 2004097
[1] 2004097
[1] 2004097
[1] 2004097
[1] 2004097
[1] 2004097
[1] 2004097
[1] 2004097
[1] 2004097
[1] 2004097
[1] 2004097
[1] 2004097
[1] 2004097
[1] 2004097
[1] 2004097
[1] 2004097
[1] 2004097
[1] 2004097
[1] 2004097
[1] 2004097
[1] 2004097
[1] 2004097
[1] 2004097
[1] 2004097
[1] 2004097
[1] 2004097
[1] 2004097
[1] 2004097
[1] 2004097
[1] 2004097
[1] 2004097
[1] 2004097
[1] 2004097
[1] 2004097
[1] 2004097
[1] 2004097
[1] 2004097
[1] 2004097
[1] 2004097
[1] 2004097
[1] 2004097
[1] 2004097
[1] 2004097
[1] 2004097
[1] 2004097
[1] 2004097
[1] 2004097
[1] 2004097
[1] 2004097
[1] 2004097
[1] 2004097
[1] 2004097
[1] 2004097
[1] 2004097
[1] 2004097
[1] 2004097
[1] 2004097
[1] 2004097
[1] 2004097
[1] 2004097
[1] 2004097
[1] 2004097
[1] 2004097
[1] 2004097
[1] 2004097
[1] 2004097
[1] 2004097
[1] 2004097
[1] 2004097
[1] 2004097
[1] 2004097
[1] 2004097
[1] 2004097
[1] 2004097
[1] 2004097
[1] 2004097
[1] 2004097
[1] 2004097
[1] 2004097
[1] 2004097
[1] 2004097
[1] 2004097
[1] 2004097
[1] 2004097
[1] 2004097
[1] 2004097
[1] 2004097
[1] 2004097
[1] 2004097
[1] 2004097
[1] 2004097
[1] 2004097
[1] 2004097
[1] 2004097
[1] 2004097
[1] 2004097
[1] 2004097
[1] 2004097
[1] 2004097
[1] 2004097
[1] 2004097
[1] 2004097
[1] 2004097
[1] 2004097
[1] 2004097
[1] 2004097
[1] 2004097
[1] 2004097
[1] 2004097
[1] 2004097
[1] 2004097
[1] 2004097
[1] 2004097
[1] 2004097
[1] 2004097
[1] 2004097
[1] 2004097
[1] 2004097
[1] 2004097
[1] 2004097
[1] 2004097
[1] 2004097
[1] 2004097
[1] 2004097
[1] 2004097
[1] 2004097
[1] 2004097
[1] 2004097
[1] 2004097
[1] 2004097
[1] 2004097
[1] 2004097
[1] 2004097
[1] 2004097
[1] 2004097
[1] 2004097
[1] 2004097
[1] 2004097
[1] 2004097
[1] 2004097
[1] 2004097
[1] 2004097
[1] 2004097
[1] 2004097
[1] 2004097
[1] 2004097
[1] 2004097
[1] 2004097
[1] 2004097
[1] 2004097
[1] 2004097
[1] 2004097
[1] 2004097
[1] 2004097
[1] 2004097
[1] 2004097
[1] 2004097
[1] 2004097
[1] 2004097
[1] 2004097
[1] 2004097
[1] 2004097
[1] 2004097
[1] 2004097
[1] 2004097
[1] 2004097
[1] 2004097
[1] 2004097
[1] 2004097
[1] 2004097
[1] 2004097
[1] 2004097
[1] 2004097
[1] 2004097
[1] 2004097
[1] 2004097
[1] 2004097
[1] 2004097
[1] 2004097
[1] 2004097
[1] 2004097
[1] 2004097
[1] 2004097
[1] 2004097
[1] 2004097
[1] 2004097
[1] 2004097
[1] 2004097
[1] 2004097
[1] 2004097
[1] 2004097
[1] 2004097
[1] 2004097
[1] 2004097
[1] 2004097
[1] 2004097
[1] 2004097
[1] 2004097
[1] 2004097
[1] 2004097
[1] 2004097
[1] 2004097
[1] 2004097
[1] 2004097
[1] 2004097
[1] 2004097
[1] 2004097
[1] 2004097
[1] 2004097
[1] 2004097
[1] 2004097
[1] 2004097
[1] 2004097
[1] 2004097
[1] 2004097
[1] 2004097
[1] 2004097
[1] 2004097
[1] 2004097
[1] 2004097
[1] 2004097
[1] 2004097
[1] 2004097
[1] 2004097
[1] 2004097
[1] 2004097
[1] 2004097
[1] 2004097
[1] 2004097
[1] 2004097
[1] 2004097
[1] 2004097
[1] 2004097
[1] 2004097
[1] 2004097
[1] 2004097
[1] 2004097
[1] 2004097
[1] 2004097
[1] 2004097
[1] 2004097
[1] 2004097
[1] 2004097
[1] 2004097
[1] 2004097
[1] 2004097
[1] 2004097
[1] 2004097
[1] 2004097
[1] 2004097
[1] 2004097
[1] 2004097
[1] 2004097
[1] 2004097
[1] 2004097
[1] 2004097
[1] 2004097
[1] 2004097
[1] 2004097
[1] 2004097
[1] 2004097
[1] 2004097
[1] 2004097
[1] 2004097
[1] 2004097
[1] 2004097
[1] 2004097
[1] 2004097
[1] 2004097
[1] 2004097
[1] 2004097
[1] 2004097
[1] 2004097
[1] 2004097
[1] 2004097
[1] 2004097
[1] 2004097
[1] 2004097
[1] 2004097
[1] 2004097
[1] 2004097
[1] 2004097
[1] 2004097
[1] 2004097
[1] 2004097
[1] 2004097
[1] 2004097
[1] 2004097
[1] 2004097
[1] 2004097
[1] 2004097
[1] 2004097
[1] 2004097
[1] 2004097
[1] 2004097
[1] 2004097
[1] 2004097
[1] 2004097
[1] 2004097
[1] 2004097
[1] 2004097
[1] 2004097
[1] 2004097
[1] 2004097
[1] 2004097
[1] 2004097
[1] 2004097
[1] 2004097
[1] 2004097
[1] 2004097
[1] 2004098
[1] 2004098
[1] 2004098
[1] 2004098
[1] 2004098
[1] 2004098
[1] 2004098
[1] 2004098
[1] 2004098
[1] 2004098
[1] 2004098
[1] 2004098
[1] 2004098
[1] 2004098
[1] 2004098
[1] 2004098
[1] 2004098
[1] 2004098
[1] 2004098
[1] 2004098
[1] 2004098
[1] 2004098
[1] 2004098
[1] 2004098
[1] 2004098
[1] 2004098
[1] 2004098
[1] 2004098
[1] 2004098
[1] 2004098
[1] 2004098
[1] 2004098
[1] 2004098
[1] 2004098
[1] 2004098
[1] 2004098
[1] 2004098
[1] 2004098
[1] 2004098
[1] 2004098
[1] 2004098
[1] 2004098
[1] 2004098
[1] 2004098
[1] 2004098
[1] 2004098
[1] 2004098
[1] 2004098
[1] 2004098
[1] 2004098
[1] 2004098
[1] 2004098
[1] 2004098
[1] 2004098
[1] 2004098
[1] 2004098
[1] 2004098
[1] 2004098
[1] 2004098
[1] 2004098
[1] 2004098
[1] 2004098
[1] 2004098
[1] 2004098
[1] 2004098
[1] 2004098
[1] 2004098
[1] 2004098
[1] 2004098
[1] 2004098
[1] 2004098
[1] 2004098
[1] 2004098
[1] 2004098
[1] 2004098
[1] 2004098
[1] 2004098
[1] 2004098
[1] 2004098
[1] 2004098
[1] 2004098
[1] 2004098
[1] 2004098
[1] 2004098
[1] 2004098
[1] 2004098
[1] 2004098
[1] 2004098
[1] 2004098
[1] 2004098
[1] 2004098
[1] 2004098
[1] 2004098
[1] 2004098
[1] 2004098
[1] 2004098
[1] 2004098
[1] 2004098
[1] 2004098
[1] 2004098
[1] 2004098
[1] 2004098
[1] 2004098
[1] 2004098
[1] 2004098
[1] 2004098
[1] 2004098
[1] 2004098
[1] 2004098
[1] 2004098
[1] 2004098
[1] 2004098
[1] 2004098
[1] 2004098
[1] 2004098
[1] 2004098
[1] 2004098
[1] 2004098
[1] 2004098
[1] 2004098
[1] 2004098
[1] 2004098
[1] 2004098
[1] 2004098
[1] 2004098
[1] 2004098
[1] 2004098
[1] 2004098
[1] 2004098
[1] 2004098
[1] 2004098
[1] 2004098
[1] 2004098
[1] 2004098
[1] 2004098
[1] 2004098
[1] 2004098
[1] 2004098
[1] 2004098
[1] 2004098
[1] 2004098
[1] 2004098
[1] 2004098
[1] 2004098
[1] 2004098
[1] 2004098
[1] 2004098
[1] 2004098
[1] 2004098
[1] 2004098
[1] 2004098
[1] 2004098
[1] 2004098
[1] 2004098
[1] 2004098
[1] 2004098
[1] 2004098
[1] 2004098
[1] 2004098
[1] 2004098
[1] 2004098
[1] 2004098
[1] 2004098
[1] 2004098
[1] 2004098
[1] 2004098
[1] 2004098
[1] 2004098
[1] 2004098
[1] 2004098
[1] 2004098
[1] 2004098
[1] 2004098
[1] 2004098
[1] 2004098
[1] 2004098
[1] 2004098
[1] 2004098
[1] 2004098
[1] 2004098
[1] 2004098
[1] 2004098
[1] 2004098
[1] 2004098
[1] 2004098
[1] 2004098
[1] 2004098
[1] 2004098
[1] 2004098
[1] 2004098
[1] 2004098
[1] 2004098
[1] 2004098
[1] 2004098
[1] 2004098
[1] 2004098
[1] 2004098
[1] 2004098
[1] 2004098
[1] 2004098
[1] 2004098
[1] 2004098
[1] 2004098
[1] 2004098
[1] 2004098
[1] 2004098
[1] 2004098
[1] 2004098
[1] 2004098
[1] 2004098
[1] 2004098
[1] 2004098
[1] 2004098
[1] 2004098
[1] 2004098
[1] 2004098
[1] 2004098
[1] 2004098
[1] 2004098
[1] 2004098
[1] 2004098
[1] 2004098
[1] 2004098
[1] 2004098
[1] 2004098
[1] 2004098
[1] 2004098
[1] 2004098
[1] 2004098
[1] 2004098
[1] 2004098
[1] 2004098
[1] 2004098
[1] 2004098
[1] 2004098
[1] 2004098
[1] 2004098
[1] 2004098
[1] 2004098
[1] 2004098
[1] 2004098
[1] 2004098
[1] 2004098
[1] 2004098
[1] 2004098
[1] 2004098
[1] 2004098
[1] 2004098
[1] 2004098
[1] 2004098
[1] 2004098
[1] 2004098
[1] 2004098
[1] 2004098
[1] 2004098
[1] 2004098
[1] 2004098
[1] 2004098
[1] 2004098
[1] 2004098
[1] 2004098
[1] 2004098
[1] 2004098
[1] 2004098
[1] 2004098
[1] 2004098
[1] 2004098
[1] 2004098
[1] 2004098
[1] 2004098
[1] 2004098
[1] 2004098
[1] 2004098
[1] 2004098
[1] 2004098
[1] 2004098
[1] 2004098
[1] 2004098
[1] 2004098
[1] 2004098
[1] 2004098
[1] 2004098
[1] 2004098
[1] 2004098
[1] 2004098
[1] 2004098
[1] 2004098
[1] 2004098
[1] 2004098
[1] 2004098
[1] 2004098
[1] 2004098
[1] 2004098
[1] 2004098
[1] 2004098
[1] 2004098
[1] 2004098
[1] 2004098
[1] 2004098
[1] 2004098
[1] 2004098
[1] 2004098
[1] 2004098
[1] 2004098
[1] 2004098
[1] 2004098
[1] 2004098
[1] 2004098
[1] 2004098
[1] 2004098
[1] 2004098
[1] 2004098
[1] 2004098
[1] 2004098
[1] 2004098
[1] 2004098
[1] 2004098
[1] 2004098
[1] 2004098
[1] 2004098
[1] 2004098
[1] 2004098
[1] 2004098
[1] 2004098
[1] 2004098
[1] 2004098
[1] 2004098
[1] 2004098
[1] 2004098
[1] 2004098
[1] 2004098
[1] 2004098
[1] 2004098
[1] 2004098
[1] 2004098
[1] 2004098
[1] 2004098
[1] 2004098
[1] 2004098
[1] 2004098
[1] 2004098
[1] 2004098
[1] 2004098
[1] 2004098
[1] 2004098
[1] 2004098
[1] 2004098
[1] 2004098
[1] 2004098
[1] 2004098
[1] 2004098
[1] 2004098
[1] 2004098
[1] 2004098
[1] 2004098
[1] 2004098
[1] 2004098
[1] 2004098
[1] 2004098
[1] 2004098
[1] 2004098
[1] 2004098
[1] 2004098
[1] 2004098
[1] 2004098
[1] 2004098
[1] 2004098
[1] 2004098
[1] 2004098
[1] 2004098
[1] 2004098
[1] 2004098
[1] 2004098
[1] 2004098
[1] 2004098
[1] 2004098
[1] 2004098
[1] 2004098
[1] 2004098
[1] 2004098
[1] 2004098
[1] 2004098
[1] 2004098
[1] 2004098
[1] 2004098
[1] 2004098
[1] 2004098
[1] 2004098
[1] 2004098
[1] 2004098
[1] 2004098
[1] 2004098
[1] 2004098
[1] 2004098
[1] 2004098
[1] 2004098
[1] 2004098
[1] 2004098
[1] 2004098
[1] 2004098
[1] 2004098
[1] 2004098
[1] 2004098
[1] 2004098
[1] 2004098
[1] 2004098
[1] 2004098
[1] 2004098
[1] 2004098
[1] 2004098
[1] 2004098
[1] 2004098
[1] 2004098
[1] 2004098
[1] 2004098
[1] 2004098
[1] 2004098
[1] 2004098
[1] 2004098
[1] 2004098
[1] 2004098
[1] 2004098
[1] 2004098
[1] 2004098
[1] 2004098
[1] 2004098
[1] 2004098
[1] 2004098
[1] 2004098
[1] 2004098
[1] 2004098
[1] 2004098
[1] 2004098
[1] 2004098
[1] 2004098
[1] 2004098
[1] 2004098
[1] 2004098
[1] 2004098
[1] 2004098
[1] 2004098
[1] 2004098
[1] 2004098
[1] 2004098
[1] 2004098
[1] 2004098
[1] 2004098
[1] 2004098
[1] 2004098
[1] 2004098
[1] 2004098
[1] 2004098
[1] 2004098
[1] 2004098
[1] 2004098
[1] 2004098
[1] 2004098
[1] 2004098
[1] 2004098
[1] 2004098
[1] 2004098
[1] 2004098
[1] 2004098
[1] 2004098
[1] 2004098
[1] 2004098
[1] 2004098
[1] 2004098
[1] 2004098
[1] 2004098
[1] 2004098
[1] 2004098
[1] 2004098
[1] 2004098
[1] 2004098
[1] 2004098
[1] 2004098
[1] 2004098
[1] 2004098
[1] 2004098
[1] 2004098
[1] 2004098
[1] 2004098
[1] 2004098
[1] 2004098
[1] 2004098
[1] 2004098
[1] 2004098
[1] 2004098
[1] 2004098
[1] 2004098
[1] 2004098
[1] 2004098
[1] 2004098
[1] 2004098
[1] 2004098
[1] 2004098
[1] 2004098
[1] 2004098
[1] 2004098
[1] 2004098
[1] 2004098
[1] 2004098
[1] 2004098
[1] 2004098
[1] 2004098
[1] 2004098
[1] 2004098
[1] 2004098
[1] 2004098
[1] 2004098
[1] 2004098
[1] 2004098
[1] 2004098
[1] 2004098
[1] 2004098
[1] 2004098
[1] 2004098
[1] 2004098
[1] 2004098
[1] 2004098
[1] 2004098
[1] 2004098
[1] 2004098
[1] 2004098
[1] 2004098
[1] 2004098
[1] 2004098
[1] 2004098
[1] 2004098
[1] 2004098
[1] 2004098
[1] 2004098
[1] 2004098
[1] 2004098
[1] 2004098
[1] 2004098
[1] 2004098
[1] 2004098
[1] 2004098
[1] 2004098
[1] 2004098
[1] 2004098
[1] 2004098
[1] 2004098
[1] 2004098
[1] 2004098
[1] 2004098
[1] 2004098
[1] 2004098
[1] 2004098
[1] 2004098
[1] 2004098
[1] 2004098
[1] 2004098
[1] 2004098
[1] 2004098
[1] 2004098
[1] 2004098
[1] 2004098
[1] 2004098
[1] 2004098
[1] 2004098
[1] 2004098
[1] 2004098
[1] 2004098
[1] 2004098
[1] 2004098
[1] 2004098
[1] 2004098
[1] 2004098
[1] 2004098
[1] 2004098
[1] 2004098
[1] 2004098
[1] 2004098
[1] 2004098
[1] 2004098
[1] 2004098
[1] 2004098
[1] 2004098
[1] 2004098
[1] 2004098
[1] 2004098
[1] 2004098
[1] 2004098
[1] 2004098
[1] 2004098
[1] 2004098
[1] 2004098
[1] 2004098
[1] 2004098
[1] 2004098
[1] 2004098
[1] 2004098
[1] 2004098
[1] 2004098
[1] 2004098
[1] 2004098
[1] 2004098
[1] 2004098
[1] 2004098
[1] 2004098
[1] 2004098
[1] 2004098
[1] 2004098
[1] 2004098
[1] 2004098
[1] 2004098
[1] 2004098
[1] 2004098
[1] 2004098
[1] 2004098
[1] 2004098
[1] 2004098
[1] 2004098
[1] 2004098
[1] 2004098
[1] 2004098
[1] 2004098
[1] 2004098
[1] 2004098
[1] 2004098
[1] 2004098
[1] 2004098
[1] 2004098
[1] 2004098
[1] 2004098
[1] 2004098
[1] 2004098
[1] 2004098
[1] 2004098
[1] 2004098
[1] 2004098
[1] 2004098
[1] 2004098
[1] 2004098
[1] 2004098
[1] 2004098
[1] 2004098
[1] 2004098
[1] 2004098
[1] 2004098
[1] 2004098
[1] 2004098
[1] 2004098
[1] 2004098
[1] 2004098
[1] 2004098
[1] 2004098
[1] 2004098
[1] 2004098
[1] 2004098
[1] 2004098
[1] 2004098
[1] 2004098
[1] 2004098
[1] 2004098
[1] 2004098
[1] 2004098
[1] 2004098
[1] 2004098
[1] 2004098
[1] 2004098
[1] 2004098
[1] 2004098
[1] 2004098
[1] 2004098
[1] 2004098
[1] 2004098
[1] 2004099
[1] 2004099
[1] 2004099
[1] 2004099
[1] 2004099
[1] 2004099
[1] 2004099
[1] 2004099
[1] 2004099
[1] 2004099
[1] 2004099
[1] 2004099
[1] 2004099
[1] 2004099
[1] 2004099
[1] 2004099
[1] 2004099
[1] 2004099
[1] 2004099
[1] 2004099
[1] 2004099
[1] 2004099
[1] 2004099
[1] 2004099
[1] 2004099
[1] 2004099
[1] 2004099
[1] 2004099
[1] 2004099
[1] 2004099
[1] 2004099
[1] 2004099
[1] 2004099
[1] 2004099
[1] 2004099
[1] 2004099
[1] 2004099
[1] 2004099
[1] 2004099
[1] 2004099
[1] 2004099
[1] 2004099
[1] 2004099
[1] 2004099
[1] 2004099
[1] 2004099
[1] 2004099
[1] 2004099
[1] 2004099
[1] 2004099
[1] 2004099
[1] 2004099
[1] 2004099
[1] 2004099
[1] 2004099
[1] 2004099
[1] 2004099
[1] 2004099
[1] 2004099
[1] 2004099
[1] 2004099
[1] 2004099
[1] 2004099
[1] 2004099
[1] 2004099
[1] 2004099
[1] 2004099
[1] 2004099
[1] 2004099
[1] 2004099
[1] 2004099
[1] 2004099
[1] 2004099
[1] 2004099
[1] 2004099
[1] 2004099
[1] 2004099
[1] 2004099
[1] 2004099
[1] 2004099
[1] 2004099
[1] 2004099
[1] 2004099
[1] 2004099
[1] 2004099
[1] 2004099
[1] 2004099
[1] 2004099
[1] 2004099
[1] 2004099
[1] 2004099
[1] 2004099
[1] 2004099
[1] 2004099
[1] 2004099
[1] 2004099
[1] 2004099
[1] 2004099
[1] 2004099
[1] 2004099
[1] 2004099
[1] 2004099
[1] 2004099
[1] 2004099
[1] 2004099
[1] 2004099
[1] 2004099
[1] 2004099
[1] 2004099
[1] 2004099
[1] 2004099
[1] 2004099
[1] 2004099
[1] 2004099
[1] 2004099
[1] 2004099
[1] 2004099
[1] 2004099
[1] 2004099
[1] 2004099
[1] 2004099
[1] 2004099
[1] 2004099
[1] 2004099
[1] 2004099
[1] 2004099
[1] 2004099
[1] 2004099
[1] 2004099
[1] 2004099
[1] 2004099
[1] 2004099
[1] 2004099
[1] 2004099
[1] 2004099
[1] 2004099
[1] 2004099
[1] 2004099
[1] 2004099
[1] 2004099
[1] 2004099
[1] 2004099
[1] 2004099
[1] 2004099
[1] 2004099
[1] 2004099
[1] 2004099
[1] 2004099
[1] 2004099
[1] 2004099
[1] 2004099
[1] 2004099
[1] 2004099
[1] 2004099
[1] 2004099
[1] 2004099
[1] 2004099
[1] 2004099
[1] 2004099
[1] 2004099
[1] 2004099
[1] 2004099
[1] 2004099
[1] 2004099
[1] 2004099
[1] 2004099
[1] 2004099
[1] 2004099
[1] 2004099
[1] 2004099
[1] 2004099
[1] 2004099
[1] 2004099
[1] 2004099
[1] 2004099
[1] 2004099
[1] 2004099
[1] 2004099
[1] 2004099
[1] 2004099
[1] 2004099
[1] 2004099
[1] 2004099
[1] 2004099
[1] 2004099
[1] 2004099
[1] 2004099
[1] 2004099
[1] 2004099
[1] 2004099
[1] 2004099
[1] 2004099
[1] 2004099
[1] 2004099
[1] 2004099
[1] 2004099
[1] 2004099
[1] 2004099
[1] 2004099
[1] 2004099
[1] 2004099
[1] 2004099
[1] 2004099
[1] 2004099
[1] 2004099
[1] 2004099
[1] 2004099
[1] 2004099
[1] 2004099
[1] 2004099
[1] 2004099
[1] 2004099
[1] 2004099
[1] 2004099
[1] 2004099
[1] 2004099
[1] 2004099
[1] 2004099
[1] 2004099
[1] 2004099
[1] 2004099
[1] 2004099
[1] 2004099
[1] 2004099
[1] 2004099
[1] 2004099
[1] 2004099
[1] 2004099
[1] 2004099
[1] 2004099
[1] 2004099
[1] 2004099
[1] 2004099
[1] 2004099
[1] 2004099
[1] 2004099
[1] 2004099
[1] 2004099
[1] 2004099
[1] 2004099
[1] 2004099
[1] 2004099
[1] 2004099
[1] 2004099
[1] 2004099
[1] 2004099
[1] 2004099
[1] 2004099
[1] 2004099
[1] 2004099
[1] 2004099
[1] 2004099
[1] 2004099
[1] 2004099
[1] 2004099
[1] 2004099
[1] 2004099
[1] 2004099
[1] 2004099
[1] 2004099
[1] 2004099
[1] 2004099
[1] 2004099
[1] 2004099
[1] 2004099
[1] 2004099
[1] 2004099
[1] 2004099
[1] 2004099
[1] 2004099
[1] 2004099
[1] 2004099
[1] 2004099
[1] 2004099
[1] 2004099
[1] 2004099
[1] 2004099
[1] 2004099
[1] 2004099
[1] 2004099
[1] 2004099
[1] 2004099
[1] 2004099
[1] 2004099
[1] 2004099
[1] 2004099
[1] 2004099
[1] 2004099
[1] 2004099
[1] 2004099
[1] 2004099
[1] 2004099
[1] 2004099
[1] 2004099
[1] 2004099
[1] 2004099
[1] 2004099
[1] 2004099
[1] 2004099
[1] 2004099
[1] 2004099
[1] 2004099
[1] 2004099
[1] 2004099
[1] 2004099
[1] 2004099
[1] 2004099
[1] 2004099
[1] 2004099
[1] 2004099
[1] 2004099
[1] 2004099
[1] 2004099
[1] 2004099
[1] 2004099
[1] 2004099
[1] 2004099
[1] 2004099
[1] 2004099
[1] 2004099
[1] 2004099
[1] 2004099
[1] 2004099
[1] 2004099
[1] 2004099
[1] 2004099
[1] 2004099
[1] 2004099
[1] 2004099
[1] 2004099
[1] 2004099
[1] 2004099
[1] 2004099
[1] 2004099
[1] 2004099
[1] 2004099
[1] 2004099
[1] 2004099
[1] 2004099
[1] 2004099
[1] 2004099
[1] 2004099
[1] 2004099
[1] 2004099
[1] 2004099
[1] 2004099
[1] 2004099
[1] 2004099
[1] 2004099
[1] 2004099
[1] 2004099
[1] 2004099
[1] 2004099
[1] 2004099
[1] 2004099
[1] 2004099
[1] 2004099
[1] 2004099
[1] 2004099
[1] 2004099
[1] 2004099
[1] 2004099
[1] 2004099
[1] 2004099
[1] 2004099
[1] 2004099
[1] 2004099
[1] 2004099
[1] 2004099
[1] 2004099
[1] 2004099
[1] 2004099
[1] 2004099
[1] 2004099
[1] 2004099
[1] 2004099
[1] 2004099
[1] 2004099
[1] 2004099
[1] 2004099
[1] 2004099
[1] 2004099
[1] 2004099
[1] 2004099
[1] 2004099
[1] 2004099
[1] 2004099
[1] 2004099
[1] 2004099
[1] 2004099
[1] 2004099
[1] 2004099
[1] 2004099
[1] 2004099
[1] 2004099
[1] 2004099
[1] 2004099
[1] 2004099
[1] 2004099
[1] 2004099
[1] 2004099
[1] 2004099
[1] 2004099
[1] 2004099
[1] 2004099
[1] 2004099
[1] 2004099
[1] 2004099
[1] 2004099
[1] 2004099
[1] 2004099
[1] 2004099
[1] 2004099
[1] 2004099
[1] 2004099
[1] 2004099
[1] 2004099
[1] 2004099
[1] 2004099
[1] 2004099
[1] 2004099
[1] 2004099
[1] 2004099
[1] 2004099
[1] 2004099
[1] 2004099
[1] 2004099
[1] 2004099
[1] 2004099
[1] 2004099
[1] 2004099
[1] 2004099
[1] 2004099
[1] 2004099
[1] 2004099
[1] 2004099
[1] 2004099
[1] 2004099
[1] 2004099
[1] 2004099
[1] 2004099
[1] 2004099
[1] 2004099
[1] 2004099
[1] 2004099
[1] 2004099
[1] 2004099
[1] 2004099
[1] 2004099
[1] 2004099
[1] 2004099
[1] 2004099
[1] 2004099
[1] 2004099
[1] 2004099
[1] 2004099
[1] 2004099
[1] 2004099
[1] 2004099
[1] 2004099
[1] 2004099
[1] 2004099
[1] 2004099
[1] 2004099
[1] 2004099
[1] 2004099
[1] 2004099
[1] 2004099
[1] 2004099
[1] 2004099
[1] 2004099
[1] 2004099
[1] 2004099
[1] 2004099
[1] 2004099
[1] 2004099
[1] 2004099
[1] 2004099
[1] 2004099
[1] 2004099
[1] 2004099
[1] 2004099
[1] 2004099
[1] 2004099
[1] 2004099
[1] 2004099
[1] 2004099
[1] 2004099
[1] 2004099
[1] 2004099
[1] 2004099
[1] 2004099
[1] 2004099
[1] 2004099
[1] 2004099
[1] 2004099
[1] 2004099
[1] 2004099
[1] 2004099
[1] 2004099
[1] 2004099
[1] 2004099
[1] 2004099
[1] 2004099
[1] 2004099
[1] 2004099
[1] 2004099
[1] 2004099
[1] 2004099
[1] 2004099
[1] 2004099
[1] 2004099
[1] 2004099
[1] 2004099
[1] 2004099
[1] 2004099
[1] 2004099
[1] 2004099
[1] 2004099
[1] 2004099
[1] 2004099
[1] 2004099
[1] 2004099
[1] 2004099
[1] 2004099
[1] 2004099
[1] 2004099
[1] 2004099
[1] 2004099
[1] 2004099
[1] 2004099
[1] 2004099
[1] 2004099
[1] 2004099
[1] 2004099
[1] 2004099
[1] 2004099
[1] 2004099
[1] 2004099
[1] 2004099
[1] 2004099
[1] 2004099
[1] 2004099
[1] 2004099
[1] 2004099
[1] 2004099
[1] 2004099
[1] 2004099
[1] 2004099
[1] 2004099
[1] 2004099
[1] 2004099
[1] 2004099
[1] 2004099
[1] 2004099
[1] 2004099
[1] 2004099
[1] 2004099
[1] 2004099
[1] 2004099
[1] 2004099
[1] 2004099
[1] 2004099
[1] 2004099
[1] 2004099
[1] 2004099
[1] 2004099
[1] 2004099
[1] 2004099
[1] 2004099
[1] 2004099
[1] 2004099
[1] 2004099
[1] 2004099
[1] 2004099
[1] 2004099
[1] 2004099
[1] 2004099
[1] 2004099
[1] 2004099
[1] 2004099
[1] 2004099
[1] 2004099
[1] 2004099
[1] 2004099
[1] 2004099
[1] 2004099
[1] 2004099
[1] 2004099
[1] 2004099
[1] 2004099
[1] 2004099
[1] 2004099
[1] 2004099
[1] 2004099
[1] 2004099
[1] 2004099
[1] 2004099
[1] 2004099
[1] 2004099
[1] 2004099
[1] 2004099
[1] 2004099
[1] 2004099
[1] 2004099
[1] 2004099
[1] 2004099
[1] 2004099
[1] 2004099
[1] 2004099
[1] 2004099
[1] 2004099
[1] 2004099
[1] 2004099
[1] 2004099
[1] 2004099
[1] 2004099
[1] 2004099
[1] 2004099
[1] 2004099
[1] 2004099
[1] 2004099
[1] 2004099
[1] 2004099
[1] 2004099
[1] 2004099
[1] 2004099
[1] 2004099
[1] 2004099
[1] 2004099
[1] 2004099
[1] 2004099
[1] 2004099
[1] 2004099
[1] 2004099
[1] 2004099
[1] 2004099
[1] 2004099
[1] 2004099
[1] 2004099
[1] 2004099
[1] 2004099
[1] 2004099
[1] 2004099
[1] 2004099
[1] 2004099
[1] 2004099
[1] 2004099
[1] 2004099
[1] 2004099
[1] 2004099
[1] 2004099
[1] 2004099
[1] 2004099
[1] 2004099
[1] 2004099
[1] 2004099
[1] 2004099
[1] 2004099
[1] 2004099
[1] 2004099
[1] 2004099
[1] 2004099
[1] 2004099
[1] 2004099
[1] 2004099
[1] 2004099
[1] 2004099
[1] 2004099
[1] 2004099
[1] 2004099
[1] 2004099
[1] 2004099
[1] 2004099
[1] 2004099
[1] 2004099
[1] 2004099
[1] 2004099
[1] 2004099
[1] 2004099
[1] 2004099
[1] 2004099
[1] 2004099
[1] 2004099
[1] 2004099
[1] 2004099
[1] 2004099
[1] 2004099
[1] 2004099
[1] 2004099
[1] 2004099
[1] 2004099
[1] 2004099
[1] 2004099
[1] 2004099
[1] 2004099
[1] 2004099
[1] 2004099
[1] 2004099
[1] 2004099
[1] 2004099
[1] 2004099
[1] 2004099
[1] 2004099
[1] 2004099
[1] 2004099
[1] 2004099
[1] 2004099
[1] 2004099
[1] 2004099
[1] 2004099
[1] 2004099
[1] 2004099
[1] 2004099
[1] 2004099
[1] 2004099
[1] 2004099
[1] 2004099
[1] 2004099
[1] 2004099
[1] 2004099
[1] 2004099
[1] 2004099
[1] 2004099
[1] 2004099
[1] 2004099
[1] 2004099
[1] 2004099
[1] 2004099
[1] 2004099
[1] 2004099
[1] 2004099
[1] 2004099
[1] 2004099
[1] 2004099
[1] 2004099
[1] 2004099
[1] 2004099
[1] 2004099
[1] 2004099
[1] 2004099
[1] 2004099
[1] 2004099
[1] 2004099
[1] 2004099
[1] 2004099
[1] 2004099
[1] 2004099
[1] 2004099
[1] 2004099
[1] 2004099
[1] 2004099
[1] 2004099
[1] 2004099
[1] 2004099
[1] 2004099
[1] 2004099
[1] 2004099
[1] 2004099
[1] 2004099
[1] 2004099
[1] 2004099
[1] 2004099
[1] 2004099
[1] 2004099
[1] 2004099
[1] 2004099
[1] 2004099
[1] 2004099
[1] 2004099
[1] 2004099
[1] 2004099
[1] 2004099
[1] 2004099
[1] 2004099
[1] 2004099
[1] 2004099
[1] 2004099
[1] 2004099
[1] 2004099
[1] 2004099
[1] 2004099
[1] 2004099
[1] 2004099
[1] 2004099
[1] 2004099
[1] 2004099
[1] 2004099
[1] 2004099
[1] 2004099
[1] 2004099
[1] 2004099
[1] 2004099
[1] 2004099
[1] 2004099
[1] 2004099
[1] 2004099
[1] 2004099
[1] 2004099
[1] 2004099
[1] 2004099
[1] 2004099
[1] 2004099
[1] 2004099
[1] 2004099
[1] 2004099
[1] 2004099
[1] 2004099
[1] 2004099
[1] 2004099
[1] 2004099
[1] 2004099
[1] 2004099
[1] 2004099
[1] 2004099
[1] 2004099
[1] 2004099
[1] 2004099
[1] 2004099
[1] 2004099
[1] 2004099
[1] 2004099
[1] 2004099
[1] 2004099
[1] 2004099
[1] 2004099
[1] 2004099
[1] 2004099
[1] 2004099
[1] 2004099
[1] 2004099
[1] 2004099
[1] 2004099
[1] 2004099
[1] 2004099
[1] 2004099
[1] 2004099
[1] 2004099
[1] 2004099
[1] 2004099
[1] 2004099
[1] 2004099
[1] 2004099
[1] 2004099
[1] 2004099
[1] 2004099
[1] 2004099
[1] 2004099
[1] 2004099
[1] 2004099
[1] 2004099
[1] 2004099
[1] 2004099
[1] 2004099
[1] 2004099
[1] 2004099
[1] 2004099
[1] 2004099
[1] 2004099
[1] 2004099
[1] 2004099
[1] 2004099
[1] 2004099
[1] 2004099
[1] 2004099
[1] 2004099
[1] 2004099
[1] 2004099
[1] 2004099
[1] 2004099
[1] 2004099
[1] 2004099
[1] 2004099
[1] 2004099
[1] 2004099
[1] 2004099
[1] 2004099
[1] 2004099
[1] 2004099
