Loading required package: Rcpp
Loading required package: ashr
Loading required package: truncnorm
Loading required package: SQUAREM
Loading required package: doParallel
Loading required package: foreach
Loading required package: iterators
Loading required package: parallel
Loading required package: pscl
Loading required package: MASS
Loading required package: mvtnorm
Loading required package: coda
Loading required package: lattice
Loading required package: gam
Loading required package: splines
Loaded gam 1.09.1

Loading required package: vcd
Loading required package: grid
Classes and Methods for R developed in the

Political Science Computational Laboratory

Department of Political Science

Stanford University

Simon Jackman

hurdle and zeroinfl functions by Achim Zeileis

Loading required package: wavethresh
WaveThresh: R wavelet software, release 4.6.6, installed

Copyright Guy Nason and others 1993-2013

Note: nlevels has been renamed to nlevelsWT

Loading required package: Matrix
Loading required package: methods
Loading required package: data.table
Loading required package: caTools
Error in gzfile(file, "wb") : cannot open the connection
Calls: cluster.mix -> EMproc.mix -> EMupd.mix -> save -> gzfile
In addition: Warning message:
In gzfile(file, "wb") :
  cannot open compressed file 'D:/Grad School/projects/sequence_clustering/results/analysis_k562ctcf/debug_lambda.Robj', probable reason 'No such file or directory'
Execution halted
Loading required package: Rcpp
Loading required package: ashr
Loading required package: truncnorm
Loading required package: SQUAREM
Loading required package: doParallel
Loading required package: foreach
Loading required package: iterators
Loading required package: parallel
Loading required package: pscl
Loading required package: MASS
Loading required package: mvtnorm
Loading required package: coda
Loading required package: lattice
Loading required package: gam
Loading required package: splines
Loaded gam 1.09.1

Loading required package: vcd
Loading required package: grid
Classes and Methods for R developed in the

Political Science Computational Laboratory

Department of Political Science

Stanford University

Simon Jackman

hurdle and zeroinfl functions by Achim Zeileis

Loading required package: wavethresh
WaveThresh: R wavelet software, release 4.6.6, installed

Copyright Guy Nason and others 1993-2013

Note: nlevels has been renamed to nlevelsWT

Loading required package: Matrix
Loading required package: methods
Loading required package: data.table
Loading required package: caTools
Error in t(apply(lambda, 1, ashsmooth.pois, cxx = FALSE)) : 
  error in evaluating the argument 'x' in selecting a method for function 't': Error in ash(zdat[1, ind], zdat[2, ind], prior = prior, multiseqoutput = TRUE,  : 
  Error: all input values are missing
Calls: apply -> FUN -> getlist.res
Calls: cluster.mix -> EMproc.mix -> EMupd.mix -> smooth.lambda -> t
Execution halted
Loading required package: Rcpp
Loading required package: ashr
Loading required package: truncnorm
Loading required package: SQUAREM
Loading required package: doParallel
Loading required package: foreach
Loading required package: iterators
Loading required package: parallel
Loading required package: pscl
Loading required package: MASS
Loading required package: mvtnorm
Loading required package: coda
Loading required package: lattice
Loading required package: gam
Loading required package: splines
Loaded gam 1.09.1

Loading required package: vcd
Loading required package: grid
Classes and Methods for R developed in the

Political Science Computational Laboratory

Department of Political Science

Stanford University

Simon Jackman

hurdle and zeroinfl functions by Achim Zeileis

Loading required package: wavethresh
WaveThresh: R wavelet software, release 4.6.6, installed

Copyright Guy Nason and others 1993-2013

Note: nlevels has been renamed to nlevelsWT

Loading required package: Matrix
Loading required package: methods
Loading required package: data.table
Loading required package: caTools
Error in t(apply(lambda, 1, ashsmooth.pois, cxx = FALSE)) : 
  error in evaluating the argument 'x' in selecting a method for function 't': Error in ash(zdat[1, ind], zdat[2, ind], prior = prior, multiseqoutput = TRUE,  : 
  Error: all input values are missing
Calls: apply -> FUN -> getlist.res
Calls: cluster.mix -> EMproc.mix -> EMupd.mix -> smooth.lambda -> t
Execution halted
Loading required package: Rcpp
Loading required package: ashr
Loading required package: truncnorm
Loading required package: plyr
Loading required package: SQUAREM
Loading required package: doParallel
Loading required package: foreach
Loading required package: iterators
Loading required package: parallel
Loading required package: pscl
Loading required package: MASS
Loading required package: mvtnorm
Loading required package: coda
Loading required package: lattice
Loading required package: gam
Loading required package: splines
Loaded gam 1.09.1

Loading required package: vcd
Loading required package: grid
Classes and Methods for R developed in the

Political Science Computational Laboratory

Department of Political Science

Stanford University

Simon Jackman

hurdle and zeroinfl functions by Achim Zeileis

Loading required package: wavethresh
WaveThresh: R wavelet software, release 4.6.6, installed

Copyright Guy Nason and others 1993-2013

Note: nlevels has been renamed to nlevelsWT

Loading required package: Matrix
Loading required package: methods
Loading required package: data.table
Loading required package: caTools
Error: cannot allocate vector of size 190.7 Gb
Execution halted
Loading required package: Rcpp
Loading required package: ashr
Loading required package: truncnorm
Loading required package: plyr
Loading required package: SQUAREM
Loading required package: doParallel
Loading required package: foreach
Loading required package: iterators
Loading required package: parallel
Loading required package: pscl
Loading required package: MASS
Loading required package: mvtnorm
Loading required package: coda
Loading required package: lattice
Loading required package: gam
Loading required package: splines
Loaded gam 1.09.1

Loading required package: vcd
Loading required package: grid
Classes and Methods for R developed in the

Political Science Computational Laboratory

Department of Political Science

Stanford University

Simon Jackman

hurdle and zeroinfl functions by Achim Zeileis

Loading required package: wavethresh
WaveThresh: R wavelet software, release 4.6.6, installed

Copyright Guy Nason and others 1993-2013

Note: nlevels has been renamed to nlevelsWT

Loading required package: Matrix
Loading required package: methods
Loading required package: data.table
Loading required package: caTools
Error in t(apply(lambda, 1, ashsmooth.pois, cxx = FALSE)) : 
  error in evaluating the argument 'x' in selecting a method for function 't': Error in ash.workhorse(betahat, sebetahat, mixcompdist = mixcompdist,  : 
  unused argument (trace = FALSE)
Calls: apply -> FUN -> getlist.res
Calls: cluster.mix -> EMproc.mix -> EMupd.mix -> smooth.lambda -> t
Execution halted
Loading required package: Rcpp
Loading required package: ashr
Loading required package: truncnorm
Loading required package: plyr
Loading required package: SQUAREM
Loading required package: doParallel
Loading required package: foreach
Loading required package: iterators
Loading required package: parallel
Loading required package: pscl
Loading required package: MASS
Loading required package: mvtnorm
Loading required package: coda
Loading required package: lattice
Loading required package: gam
Loading required package: splines
Loaded gam 1.09.1

Loading required package: vcd
Loading required package: grid
Classes and Methods for R developed in the

Political Science Computational Laboratory

Department of Political Science

Stanford University

Simon Jackman

hurdle and zeroinfl functions by Achim Zeileis

Loading required package: wavethresh
WaveThresh: R wavelet software, release 4.6.6, installed

Copyright Guy Nason and others 1993-2013

Note: nlevels has been renamed to nlevelsWT

Loading required package: Matrix
Loading required package: methods
Loading required package: data.table
Loading required package: caTools
